reading train and test user-item set ...
combinating train_cf and kg data ...
building the graph ...
Begin to load interaction triples ...

Begin to load knowledge graph triples ...
building the adj mat ...
Begin to build sparse relation matrix ...
building the item_cate list
start training ...
+-------------------+-------------------+----------------------------------------------------------+----------------------------------------------------------+----------------------------------------------------------+----------------------------------------------------------+----------------------------------------------------------+----------------------------------------------------------+----------------------------------------------------------+----------------------------------------------------------+
| Epoch |   training time    |    tesing time    |        Loss       |                          recall                          |                           ndcg                           |                        precision                         |                        hit_ratio                         |                    category_coverage                     |                    intralist_distance                    |                        gini_index                        |                        F-measure                         |
+-------+--------------------+-------------------+-------------------+----------------------------------------------------------+----------------------------------------------------------+----------------------------------------------------------+----------------------------------------------------------+----------------------------------------------------------+----------------------------------------------------------+----------------------------------------------------------+----------------------------------------------------------+
|   0   | 233.68483090400696 | 629.4749801158905 | 164.1249542236328 | [0.01970282 0.03258973 0.05259643 0.08168666 0.13769458] | [0.04141432 0.05408491 0.06843689 0.0840406  0.10492989] | [0.01325117 0.01096246 0.00887552 0.00695024 0.00470746] | [0.06420771 0.10401178 0.1619617  0.24037582 0.37075224] | [0.38927604 0.56280808 0.71595765 0.81633883 0.90040471] | [0.8599301  0.86841288 0.87266141 0.87707773 0.88582795] | [0.13577864 0.23413364 0.32498987 0.40236218 0.48611857] | [0.03750725 0.06161179 0.09799392 0.14851247 0.23886125] |
+-------+--------------------+-------------------+-------------------+----------------------------------------------------------+----------------------------------------------------------+----------------------------------------------------------+----------------------------------------------------------+----------------------------------------------------------+----------------------------------------------------------+----------------------------------------------------------+----------------------------------------------------------+
using time 222.8967, training loss at epoch 1: 143.4676
using time 223.7484, training loss at epoch 2: 137.6167
using time 223.4175, training loss at epoch 3: 134.0461
using time 223.6796, training loss at epoch 4: 132.1951
using time 223.4630, training loss at epoch 5: 129.8207
using time 223.6392, training loss at epoch 6: 128.4111
using time 223.6335, training loss at epoch 7: 127.1430
using time 223.2417, training loss at epoch 8: 125.6550
using time 223.5970, training loss at epoch 9: 124.7561
using time 223.6872, training loss at epoch 10: 123.6365
using time 223.4358, training loss at epoch 11: 122.6841
using time 223.7461, training loss at epoch 12: 121.9937
using time 223.3050, training loss at epoch 13: 121.3636
using time 224.1048, training loss at epoch 14: 120.2987
using time 224.0975, training loss at epoch 15: 119.3262
using time 223.2691, training loss at epoch 16: 118.4843
using time 223.1543, training loss at epoch 17: 117.4670
using time 223.4699, training loss at epoch 18: 116.9841
using time 223.3648, training loss at epoch 19: 116.3250
testing..
+-------+--------------------+-------------------+--------------------+----------------------------------------------------------+----------------------------------------------------------+----------------------------------------------------------+----------------------------------------------------------+----------------------------------------------------------+----------------------------------------------------------+----------------------------------------------------------+----------------------------------------------------------+
| Epoch |   training time    |    tesing time    |        Loss        |                          recall                          |                           ndcg                           |                        precision                         |                        hit_ratio                         |                    category_coverage                     |                    intralist_distance                    |                        gini_index                        |                        F-measure                         |
+-------+--------------------+-------------------+--------------------+----------------------------------------------------------+----------------------------------------------------------+----------------------------------------------------------+----------------------------------------------------------+----------------------------------------------------------+----------------------------------------------------------+----------------------------------------------------------+----------------------------------------------------------+
|   20  | 223.75120306015015 | 607.9222028255463 | 115.30884552001953 | [0.03980059 0.06356162 0.09734091 0.14515191 0.23162837] | [0.08169755 0.10286212 0.12400084 0.14505428 0.16955087] | [0.02651629 0.02125382 0.01636438 0.01224649 0.00789057] | [0.12514708 0.19217863 0.2791253  0.38832286 0.55004924] | [0.41618138 0.58514452 0.72834532 0.82509928 0.90719013] | [0.86172203 0.86776096 0.87401719 0.87940397 0.8860314 ] | [0.13360744 0.22846125 0.3106333  0.38548109 0.47989356] | [0.07265315 0.11466743 0.1717306  0.24687368 0.36903329] |
+-------+--------------------+-------------------+--------------------+----------------------------------------------------------+----------------------------------------------------------+----------------------------------------------------------+----------------------------------------------------------+----------------------------------------------------------+----------------------------------------------------------+----------------------------------------------------------+----------------------------------------------------------+
using time 222.3277, training loss at epoch 21: 114.4122
using time 223.4578, training loss at epoch 22: 113.4307
using time 223.5798, training loss at epoch 23: 112.8039
using time 223.5275, training loss at epoch 24: 112.1409
using time 223.2820, training loss at epoch 25: 111.1605
using time 223.3689, training loss at epoch 26: 110.3624
using time 223.6399, training loss at epoch 27: 109.6588
using time 222.9197, training loss at epoch 28: 109.2081
using time 223.4677, training loss at epoch 29: 108.0060
using time 223.7850, training loss at epoch 30: 107.3941
using time 223.5445, training loss at epoch 31: 106.5724
using time 223.9320, training loss at epoch 32: 106.0257
using time 223.7740, training loss at epoch 33: 105.6453
using time 223.4809, training loss at epoch 34: 104.8640
using time 223.8999, training loss at epoch 35: 104.0019
using time 223.7099, training loss at epoch 36: 103.7444
using time 224.0878, training loss at epoch 37: 102.8901
using time 223.9539, training loss at epoch 38: 101.9180
using time 224.1154, training loss at epoch 39: 101.6402
testing..
+-------+------------------+-------------------+-------------------+----------------------------------------------------------+----------------------------------------------------------+----------------------------------------------------------+----------------------------------------------------------+----------------------------------------------------------+----------------------------------------------------------+----------------------------------------------------------+----------------------------------------------------------+
| Epoch |  training time   |    tesing time    |        Loss       |                          recall                          |                           ndcg                           |                        precision                         |                        hit_ratio                         |                    category_coverage                     |                    intralist_distance                    |                        gini_index                        |                        F-measure                         |
+-------+------------------+-------------------+-------------------+----------------------------------------------------------+----------------------------------------------------------+----------------------------------------------------------+----------------------------------------------------------+----------------------------------------------------------+----------------------------------------------------------+----------------------------------------------------------+----------------------------------------------------------+
|   40  | 223.961852312088 | 609.9570665359497 | 100.6711654663086 | [0.04262619 0.06783965 0.10350255 0.15323275 0.24437627] | [0.08749273 0.109801   0.13179645 0.15307288 0.17782738] | [0.02831519 0.02261258 0.01733835 0.01290647 0.00829767] | [0.13283422 0.20339559 0.2942207  0.40542284 0.57055701] | [0.42333496 0.59440046 0.73326499 0.83044878 0.91453881] | [0.87109476 0.87315997 0.87717104 0.88203726 0.88810145] | [0.12747762 0.22270824 0.30682409 0.38682471 0.48502693] | [0.07745347 0.12178036 0.18139996 0.25872591 0.38569105] |
+-------+------------------+-------------------+-------------------+----------------------------------------------------------+----------------------------------------------------------+----------------------------------------------------------+----------------------------------------------------------+----------------------------------------------------------+----------------------------------------------------------+----------------------------------------------------------+----------------------------------------------------------+
using time 222.9221, training loss at epoch 41: 100.6051
using time 223.5767, training loss at epoch 42: 99.7320
using time 223.9017, training loss at epoch 43: 99.1238
using time 223.8424, training loss at epoch 44: 98.6192
using time 223.6923, training loss at epoch 45: 98.3292
using time 223.4692, training loss at epoch 46: 97.6600
using time 223.5685, training loss at epoch 47: 96.9467
using time 223.2256, training loss at epoch 48: 96.8937
using time 223.0773, training loss at epoch 49: 96.1941
using time 223.6641, training loss at epoch 50: 96.0491
using time 223.2257, training loss at epoch 51: 95.4345
using time 223.0237, training loss at epoch 52: 94.7647
using time 223.0555, training loss at epoch 53: 94.6027
using time 222.6245, training loss at epoch 54: 94.2961
using time 223.2914, training loss at epoch 55: 93.3994
using time 222.9106, training loss at epoch 56: 93.4827
using time 223.3049, training loss at epoch 57: 93.0367
using time 223.5156, training loss at epoch 58: 92.6345
using time 222.7986, training loss at epoch 59: 92.2788
testing..
+-------+--------------------+-------------------+-------------------+----------------------------------------------------------+----------------------------------------------------------+----------------------------------------------------------+----------------------------------------------------------+----------------------------------------------------------+----------------------------------------------------------+----------------------------------------------------------+----------------------------------------------------------+
| Epoch |   training time    |    tesing time    |        Loss       |                          recall                          |                           ndcg                           |                        precision                         |                        hit_ratio                         |                    category_coverage                     |                    intralist_distance                    |                        gini_index                        |                        F-measure                         |
+-------+--------------------+-------------------+-------------------+----------------------------------------------------------+----------------------------------------------------------+----------------------------------------------------------+----------------------------------------------------------+----------------------------------------------------------+----------------------------------------------------------+----------------------------------------------------------+----------------------------------------------------------+
|   60  | 223.31180429458618 | 626.6806886196136 | 91.90449523925781 | [0.04421628 0.07023488 0.10726287 0.15860688 0.25213349] | [0.0908853  0.11355093 0.13600482 0.15752374 0.18256951] | [0.02937152 0.02341267 0.01795672 0.01335968 0.00856271] | [0.13779339 0.20975797 0.30284912 0.41605585 0.58267168] | [0.4237009  0.59258246 0.73321218 0.83201761 0.91618131] | [0.86992426 0.87143215 0.87581756 0.88078292 0.8875668 ] | [0.1273742  0.22370511 0.30932708 0.39042221 0.48735234] | [0.08007604 0.125585   0.18714759 0.26642531 0.39544135] |
+-------+--------------------+-------------------+-------------------+----------------------------------------------------------+----------------------------------------------------------+----------------------------------------------------------+----------------------------------------------------------+----------------------------------------------------------+----------------------------------------------------------+----------------------------------------------------------+----------------------------------------------------------+
using time 222.6393, training loss at epoch 61: 91.3661
using time 223.1283, training loss at epoch 62: 91.4589
using time 223.4305, training loss at epoch 63: 90.9227
using time 222.8264, training loss at epoch 64: 90.5495
using time 223.0426, training loss at epoch 65: 90.4043
using time 223.0677, training loss at epoch 66: 89.8857
using time 223.1580, training loss at epoch 67: 89.6054
using time 223.1315, training loss at epoch 68: 89.2903
using time 222.9967, training loss at epoch 69: 89.2210
using time 223.1900, training loss at epoch 70: 88.8791
using time 222.8181, training loss at epoch 71: 88.2145
using time 223.0271, training loss at epoch 72: 87.9479
using time 223.5247, training loss at epoch 73: 87.8216
using time 222.5785, training loss at epoch 74: 87.6283
using time 222.9658, training loss at epoch 75: 87.4745
using time 223.4752, training loss at epoch 76: 86.7156
using time 223.0636, training loss at epoch 77: 86.5608
using time 222.9196, training loss at epoch 78: 86.2108
using time 223.0147, training loss at epoch 79: 85.9172
testing..
+-------+--------------------+-------------------+-------------------+----------------------------------------------------------+----------------------------------------------------------+----------------------------------------------------------+----------------------------------------------------------+----------------------------------------------------------+----------------------------------------------------------+----------------------------------------------------------+----------------------------------------------------------+
| Epoch |   training time    |    tesing time    |        Loss       |                          recall                          |                           ndcg                           |                        precision                         |                        hit_ratio                         |                    category_coverage                     |                    intralist_distance                    |                        gini_index                        |                        F-measure                         |
+-------+--------------------+-------------------+-------------------+----------------------------------------------------------+----------------------------------------------------------+----------------------------------------------------------+----------------------------------------------------------+----------------------------------------------------------+----------------------------------------------------------+----------------------------------------------------------+----------------------------------------------------------+
|   80  | 222.74338388442993 | 611.2430369853973 | 85.73442840576172 | [0.04616812 0.07293327 0.11119765 0.16394677 0.25880137] | [0.09463851 0.11772995 0.14061808 0.16242231 0.18712468] | [0.03073638 0.02434698 0.01863479 0.01381638 0.00878993] | [0.14355439 0.21695704 0.31215737 0.42708106 0.5932001 ] | [0.42565375 0.59467527 0.73210946 0.83049274 0.91554271] | [0.87031733 0.87049378 0.87433797 0.87946726 0.88653972] | [0.12796671 0.22451602 0.31100358 0.39288589 0.48903989] | [0.08330106 0.12993127 0.19307048 0.27383586 0.4035337 ] |
+-------+--------------------+-------------------+-------------------+----------------------------------------------------------+----------------------------------------------------------+----------------------------------------------------------+----------------------------------------------------------+----------------------------------------------------------+----------------------------------------------------------+----------------------------------------------------------+----------------------------------------------------------+
using time 222.4330, training loss at epoch 81: 85.6619
using time 222.7646, training loss at epoch 82: 85.5751
using time 222.5815, training loss at epoch 83: 85.1470
using time 222.8549, training loss at epoch 84: 84.9910
using time 222.3688, training loss at epoch 85: 84.5316
using time 222.8308, training loss at epoch 86: 84.2618
using time 222.5272, training loss at epoch 87: 84.1742
using time 223.3491, training loss at epoch 88: 83.5187
using time 222.7467, training loss at epoch 89: 83.3704
using time 223.1762, training loss at epoch 90: 83.1672
using time 222.9095, training loss at epoch 91: 83.1988
using time 222.9183, training loss at epoch 92: 82.9366
using time 222.8884, training loss at epoch 93: 82.6533
using time 223.1158, training loss at epoch 94: 82.4797
using time 222.5891, training loss at epoch 95: 82.2053
using time 222.8468, training loss at epoch 96: 81.9238
using time 222.4926, training loss at epoch 97: 81.7361
using time 222.5767, training loss at epoch 98: 81.5328
using time 222.4918, training loss at epoch 99: 81.4754
testing..
+-------+--------------------+-------------------+------------------+----------------------------------------------------------+----------------------------------------------------------+----------------------------------------------------------+----------------------------------------------------------+----------------------------------------------------------+----------------------------------------------------------+----------------------------------------------------------+----------------------------------------------------------+
| Epoch |   training time    |    tesing time    |       Loss       |                          recall                          |                           ndcg                           |                        precision                         |                        hit_ratio                         |                    category_coverage                     |                    intralist_distance                    |                        gini_index                        |                        F-measure                         |
+-------+--------------------+-------------------+------------------+----------------------------------------------------------+----------------------------------------------------------+----------------------------------------------------------+----------------------------------------------------------+----------------------------------------------------------+----------------------------------------------------------+----------------------------------------------------------+----------------------------------------------------------+
|  100  | 222.54286551475525 | 638.6074154376984 | 81.1876220703125 | [0.04713454 0.07484713 0.11359375 0.16710002 0.2638519 ] | [0.09702088 0.12050057 0.143604   0.16561304 0.1902671 ] | [0.03139353 0.02497974 0.01902743 0.01408635 0.00897731] | [0.14660484 0.22148043 0.31760461 0.43328656 0.60003312] | [0.42034743 0.59109215 0.73313033 0.83164929 0.91625332] | [0.87077142 0.87095667 0.8749938  0.87985386 0.88651726] | [0.12714788 0.22417035 0.31133916 0.39354825 0.48929032] | [0.08476427 0.13286962 0.19670876 0.27828528 0.40971801] |
+-------+--------------------+-------------------+------------------+----------------------------------------------------------+----------------------------------------------------------+----------------------------------------------------------+----------------------------------------------------------+----------------------------------------------------------+----------------------------------------------------------+----------------------------------------------------------+----------------------------------------------------------+
using time 222.2237, training loss at epoch 101: 80.8112
using time 222.4884, training loss at epoch 102: 80.5102
using time 222.8866, training loss at epoch 103: 80.3783
using time 222.6961, training loss at epoch 104: 80.0989
using time 222.5135, training loss at epoch 105: 80.1963
using time 222.8097, training loss at epoch 106: 80.0941
using time 222.5087, training loss at epoch 107: 79.7644
using time 222.9626, training loss at epoch 108: 79.3846
using time 222.9399, training loss at epoch 109: 79.2892
using time 222.6024, training loss at epoch 110: 79.1053
using time 222.4921, training loss at epoch 111: 78.9225
using time 222.9310, training loss at epoch 112: 78.7703
using time 222.7480, training loss at epoch 113: 78.5358
using time 223.0945, training loss at epoch 114: 78.4698
using time 222.7303, training loss at epoch 115: 78.2640
using time 222.5893, training loss at epoch 116: 77.6826
using time 222.9369, training loss at epoch 117: 77.5633
using time 222.1578, training loss at epoch 118: 77.4168
using time 223.1575, training loss at epoch 119: 77.0760
testing..
+-------+--------------------+-------------------+-------------------+----------------------------------------------------------+----------------------------------------------------------+----------------------------------------------------------+----------------------------------------------------------+----------------------------------------------------------+----------------------------------------------------------+----------------------------------------------------------+----------------------------------------------------------+
| Epoch |   training time    |    tesing time    |        Loss       |                          recall                          |                           ndcg                           |                        precision                         |                        hit_ratio                         |                    category_coverage                     |                    intralist_distance                    |                        gini_index                        |                        F-measure                         |
+-------+--------------------+-------------------+-------------------+----------------------------------------------------------+----------------------------------------------------------+----------------------------------------------------------+----------------------------------------------------------+----------------------------------------------------------+----------------------------------------------------------+----------------------------------------------------------+----------------------------------------------------------+
|  120  | 223.01153230667114 | 645.3657503128052 | 76.96662139892578 | [0.04815393 0.07581533 0.11555818 0.16957963 0.26707635] | [0.09868609 0.12219201 0.14552778 0.16744953 0.19226893] | [0.03202454 0.02525515 0.01935339 0.01430227 0.00908504] | [0.14912365 0.22416483 0.32161378 0.43758334 0.60461752] | [0.42149202 0.59100316 0.73111923 0.82793584 0.91286576] | [0.86550982 0.86775418 0.87221252 0.87767814 0.88492852] | [0.1300676  0.22580166 0.31159052 0.39182292 0.48625809] | [0.08643318 0.1343907  0.19957261 0.28150151 0.41324884] |
+-------+--------------------+-------------------+-------------------+----------------------------------------------------------+----------------------------------------------------------+----------------------------------------------------------+----------------------------------------------------------+----------------------------------------------------------+----------------------------------------------------------+----------------------------------------------------------+----------------------------------------------------------+
using time 222.3650, training loss at epoch 121: 76.6902
using time 222.9569, training loss at epoch 122: 76.7921
using time 222.9806, training loss at epoch 123: 76.4785
using time 222.5452, training loss at epoch 124: 76.3174
using time 222.7786, training loss at epoch 125: 76.0962
using time 222.5969, training loss at epoch 126: 75.7823
using time 222.4349, training loss at epoch 127: 76.0112
using time 222.7107, training loss at epoch 128: 75.5456
using time 222.6329, training loss at epoch 129: 75.2598
using time 222.9080, training loss at epoch 130: 75.2636
using time 222.7136, training loss at epoch 131: 75.2175
using time 223.2975, training loss at epoch 132: 75.1431
using time 222.5522, training loss at epoch 133: 74.6174
using time 222.6834, training loss at epoch 134: 74.3855
using time 223.0451, training loss at epoch 135: 74.1720
using time 222.6262, training loss at epoch 136: 73.9746
using time 222.8485, training loss at epoch 137: 74.1177
using time 223.0522, training loss at epoch 138: 73.9118
using time 222.8236, training loss at epoch 139: 73.5915
testing..
+-------+-------------------+-------------------+-------------------+----------------------------------------------------------+----------------------------------------------------------+----------------------------------------------------------+----------------------------------------------------------+----------------------------------------------------------+----------------------------------------------------------+----------------------------------------------------------+----------------------------------------------------------+
| Epoch |   training time   |    tesing time    |        Loss       |                          recall                          |                           ndcg                           |                        precision                         |                        hit_ratio                         |                    category_coverage                     |                    intralist_distance                    |                        gini_index                        |                        F-measure                         |
+-------+-------------------+-------------------+-------------------+----------------------------------------------------------+----------------------------------------------------------+----------------------------------------------------------+----------------------------------------------------------+----------------------------------------------------------+----------------------------------------------------------+----------------------------------------------------------+----------------------------------------------------------+
|  140  | 222.9716374874115 | 613.5063390731812 | 73.12977600097656 | [0.04851113 0.07628358 0.11698141 0.17170863 0.26959289] | [0.09908298 0.12277079 0.14668351 0.16869425 0.19321533] | [0.03226335 0.02547304 0.01959045 0.01446831 0.00917045] | [0.15008236 0.22541116 0.32489955 0.44160994 0.60764182] | [0.41947087 0.5879341  0.72696635 0.82527765 0.91184882] | [0.86115551 0.86443974 0.8697688  0.87595497 0.88404434] | [0.13254443 0.22857203 0.3135662  0.39330776 0.48729839] | [0.0869649  0.13504524 0.20153273 0.2842713  0.41614911] |
+-------+-------------------+-------------------+-------------------+----------------------------------------------------------+----------------------------------------------------------+----------------------------------------------------------+----------------------------------------------------------+----------------------------------------------------------+----------------------------------------------------------+----------------------------------------------------------+----------------------------------------------------------+
using time 222.0901, training loss at epoch 141: 73.0421
using time 222.6940, training loss at epoch 142: 73.0121
using time 222.8397, training loss at epoch 143: 73.0760
using time 223.0695, training loss at epoch 144: 72.3627
using time 222.9060, training loss at epoch 145: 72.6177
using time 222.7525, training loss at epoch 146: 72.5129
using time 222.9025, training loss at epoch 147: 72.3207
using time 222.8364, training loss at epoch 148: 71.8769
using time 222.6999, training loss at epoch 149: 71.6616
using time 223.0006, training loss at epoch 150: 71.8807
using time 223.0480, training loss at epoch 151: 71.3876
using time 222.4835, training loss at epoch 152: 71.3500
using time 222.6278, training loss at epoch 153: 71.0849
using time 222.9372, training loss at epoch 154: 70.9827
using time 222.1786, training loss at epoch 155: 71.0248
using time 223.0994, training loss at epoch 156: 70.8450
using time 222.7746, training loss at epoch 157: 70.9105
using time 222.9243, training loss at epoch 158: 70.4788
using time 222.6668, training loss at epoch 159: 70.1208
testing..
+-------+-------------------+-------------------+-------------------+----------------------------------------------------------+----------------------------------------------------------+----------------------------------------------------------+----------------------------------------------------------+----------------------------------------------------------+----------------------------------------------------------+----------------------------------------------------------+----------------------------------------------------------+
| Epoch |   training time   |    tesing time    |        Loss       |                          recall                          |                           ndcg                           |                        precision                         |                        hit_ratio                         |                    category_coverage                     |                    intralist_distance                    |                        gini_index                        |                        F-measure                         |
+-------+-------------------+-------------------+-------------------+----------------------------------------------------------+----------------------------------------------------------+----------------------------------------------------------+----------------------------------------------------------+----------------------------------------------------------+----------------------------------------------------------+----------------------------------------------------------+----------------------------------------------------------+
|  160  | 222.5654273033142 | 639.7104027271271 | 70.22711944580078 | [0.04940424 0.07739586 0.11788489 0.17332631 0.27162078] | [0.10061354 0.12430805 0.14818437 0.17041046 0.19490476] | [0.03281069 0.02579726 0.01972816 0.01460514 0.00924192] | [0.15240071 0.22781666 0.32711331 0.44501774 0.6109276 ] | [0.41739198 0.58888528 0.72857471 0.82640473 0.91170527] | [0.86413188 0.86656189 0.87107275 0.87668931 0.88422505] | [0.13074626 0.2270456  0.31236852 0.39183152 0.48577228] | [0.0883509  0.13681096 0.20293455 0.28655244 0.41854584] |
+-------+-------------------+-------------------+-------------------+----------------------------------------------------------+----------------------------------------------------------+----------------------------------------------------------+----------------------------------------------------------+----------------------------------------------------------+----------------------------------------------------------+----------------------------------------------------------+----------------------------------------------------------+
using time 222.3563, training loss at epoch 161: 70.1896
using time 222.1663, training loss at epoch 162: 70.0156
using time 222.5567, training loss at epoch 163: 69.7463
using time 222.8099, training loss at epoch 164: 69.4110
using time 222.5675, training loss at epoch 165: 69.4568
using time 222.5134, training loss at epoch 166: 69.2594
using time 223.2216, training loss at epoch 167: 69.2406
using time 223.1920, training loss at epoch 168: 68.9627
using time 222.7128, training loss at epoch 169: 68.7293
using time 222.6722, training loss at epoch 170: 68.6313
using time 222.6749, training loss at epoch 171: 68.6826
using time 222.7062, training loss at epoch 172: 68.0976
using time 222.7933, training loss at epoch 173: 68.2371
using time 222.7876, training loss at epoch 174: 68.2242
using time 223.2084, training loss at epoch 175: 68.1224
using time 223.3092, training loss at epoch 176: 67.6723
using time 222.6045, training loss at epoch 177: 67.8555
using time 222.9436, training loss at epoch 178: 67.6232
using time 222.4742, training loss at epoch 179: 67.6675
testing..
+-------+--------------------+-------------------+-------------------+----------------------------------------------------------+----------------------------------------------------------+----------------------------------------------------------+----------------------------------------------------------+----------------------------------------------------------+----------------------------------------------------------+----------------------------------------------------------+----------------------------------------------------------+
| Epoch |   training time    |    tesing time    |        Loss       |                          recall                          |                           ndcg                           |                        precision                         |                        hit_ratio                         |                    category_coverage                     |                    intralist_distance                    |                        gini_index                        |                        F-measure                         |
+-------+--------------------+-------------------+-------------------+----------------------------------------------------------+----------------------------------------------------------+----------------------------------------------------------+----------------------------------------------------------+----------------------------------------------------------+----------------------------------------------------------+----------------------------------------------------------+----------------------------------------------------------+
|  180  | 222.70121264457703 | 611.3154349327087 | 67.25257110595703 | [0.05014583 0.07844922 0.11881931 0.17483795 0.2734885 ] | [0.10211244 0.12598886 0.14954413 0.17200173 0.19626361] | [0.03326564 0.02613455 0.01990727 0.01473348 0.00930432] | [0.1545796  0.23077124 0.32910918 0.44774571 0.6134987 ] | [0.41750365 0.58717755 0.72723285 0.82468613 0.91014342] | [0.86116423 0.86452476 0.8700916  0.87613023 0.88416967] | [0.13265483 0.22879313 0.3123144  0.38997248 0.48223646] | [0.08953744 0.13840676 0.20426472 0.28851018 0.42059319] |
+-------+--------------------+-------------------+-------------------+----------------------------------------------------------+----------------------------------------------------------+----------------------------------------------------------+----------------------------------------------------------+----------------------------------------------------------+----------------------------------------------------------+----------------------------------------------------------+----------------------------------------------------------+
using time 221.8946, training loss at epoch 181: 67.2601
using time 222.5783, training loss at epoch 182: 67.0823
using time 222.9303, training loss at epoch 183: 66.9533
using time 222.6637, training loss at epoch 184: 66.7424
using time 222.9973, training loss at epoch 185: 66.7470
using time 222.6785, training loss at epoch 186: 66.5554
using time 223.1992, training loss at epoch 187: 66.1513
using time 223.0046, training loss at epoch 188: 66.2231
using time 222.7015, training loss at epoch 189: 66.0333
using time 223.3498, training loss at epoch 190: 65.9914
using time 222.7303, training loss at epoch 191: 65.5680
using time 222.2172, training loss at epoch 192: 65.5004
using time 222.8628, training loss at epoch 193: 65.2722
using time 222.2691, training loss at epoch 194: 65.2418
using time 223.0431, training loss at epoch 195: 65.2497
using time 222.7550, training loss at epoch 196: 64.9493
using time 222.8789, training loss at epoch 197: 64.8802
using time 222.9311, training loss at epoch 198: 64.8474
using time 222.5926, training loss at epoch 199: 64.7200
testing..
+-------+--------------------+-------------------+-------------------+----------------------------------------------------------+----------------------------------------------------------+----------------------------------------------------------+----------------------------------------------------------+----------------------------------------------------------+----------------------------------------------------------+----------------------------------------------------------+----------------------------------------------------------+
| Epoch |   training time    |    tesing time    |        Loss       |                          recall                          |                           ndcg                           |                        precision                         |                        hit_ratio                         |                    category_coverage                     |                    intralist_distance                    |                        gini_index                        |                        F-measure                         |
+-------+--------------------+-------------------+-------------------+----------------------------------------------------------+----------------------------------------------------------+----------------------------------------------------------+----------------------------------------------------------+----------------------------------------------------------+----------------------------------------------------------+----------------------------------------------------------+----------------------------------------------------------+
|  200  | 222.90771532058716 | 633.7324864864349 | 64.59988403320312 | [0.05031472 0.07863735 0.11953704 0.17515206 0.27410107] | [0.10280928 0.12672618 0.15052672 0.17276963 0.19689599] | [0.03344693 0.0262435  0.02003321 0.01477161 0.00933378] | [0.15503281 0.23146849 0.33079129 0.44846911 0.61382989] | [0.41729751 0.58627558 0.72549164 0.82284916 0.90872231] | [0.86135859 0.86385792 0.86919605 0.87532535 0.88355902] | [0.13256854 0.22863981 0.31182949 0.3894604  0.48161783] | [0.08980178 0.13867427 0.20525486 0.28882474 0.42116475] |
+-------+--------------------+-------------------+-------------------+----------------------------------------------------------+----------------------------------------------------------+----------------------------------------------------------+----------------------------------------------------------+----------------------------------------------------------+----------------------------------------------------------+----------------------------------------------------------+----------------------------------------------------------+
using time 221.9381, training loss at epoch 201: 64.4461
using time 223.2497, training loss at epoch 202: 64.1549
using time 222.2386, training loss at epoch 203: 64.1054
using time 222.6270, training loss at epoch 204: 64.1214
using time 222.7239, training loss at epoch 205: 64.2287
using time 222.4488, training loss at epoch 206: 64.0058
using time 222.3390, training loss at epoch 207: 63.8149
using time 223.0424, training loss at epoch 208: 63.5964
using time 222.6313, training loss at epoch 209: 63.4717
using time 222.6158, training loss at epoch 210: 63.5734
using time 223.3804, training loss at epoch 211: 63.5809
using time 222.4442, training loss at epoch 212: 63.3499
using time 222.8146, training loss at epoch 213: 62.7402
using time 222.5100, training loss at epoch 214: 62.8562
using time 222.6406, training loss at epoch 215: 62.7347
using time 222.7669, training loss at epoch 216: 62.7666
using time 222.7330, training loss at epoch 217: 62.5687
using time 222.2596, training loss at epoch 218: 62.3736
using time 222.9583, training loss at epoch 219: 62.4995
testing..
+-------+-------------------+-------------------+------------------+----------------------------------------------------------+----------------------------------------------------------+----------------------------------------------------------+----------------------------------------------------------+----------------------------------------------------------+----------------------------------------------------------+----------------------------------------------------------+----------------------------------------------------------+
| Epoch |   training time   |    tesing time    |       Loss       |                          recall                          |                           ndcg                           |                        precision                         |                        hit_ratio                         |                    category_coverage                     |                    intralist_distance                    |                        gini_index                        |                        F-measure                         |
+-------+-------------------+-------------------+------------------+----------------------------------------------------------+----------------------------------------------------------+----------------------------------------------------------+----------------------------------------------------------+----------------------------------------------------------+----------------------------------------------------------+----------------------------------------------------------+----------------------------------------------------------+
|  220  | 223.1190984249115 | 609.5429184436798 | 62.2603759765625 | [0.05074872 0.07887289 0.12001277 0.17594733 0.274302  ] | [0.10347219 0.12710447 0.15119258 0.17335798 0.19736294] | [0.03368399 0.02629928 0.02011078 0.01484046 0.0093445 ] | [0.15619199 0.23181711 0.33210734 0.44972415 0.61447484] | [0.41649525 0.58579699 0.72408714 0.82108784 0.90646429] | [0.85882148 0.86225697 0.86796527 0.87429175 0.88278444] | [0.13398047 0.22991345 0.31197198 0.38816328 0.47937677] | [0.0904735  0.13902692 0.20589909 0.28979562 0.42115864] |
+-------+-------------------+-------------------+------------------+----------------------------------------------------------+----------------------------------------------------------+----------------------------------------------------------+----------------------------------------------------------+----------------------------------------------------------+----------------------------------------------------------+----------------------------------------------------------+----------------------------------------------------------+
using time 222.1548, training loss at epoch 221: 61.9900
using time 223.0384, training loss at epoch 222: 62.0649
using time 222.7198, training loss at epoch 223: 62.0276
using time 222.5552, training loss at epoch 224: 61.8549
using time 222.8670, training loss at epoch 225: 61.6073
using time 222.8697, training loss at epoch 226: 61.6372
using time 222.4508, training loss at epoch 227: 61.5124
using time 222.9677, training loss at epoch 228: 61.5575
using time 223.3803, training loss at epoch 229: 61.3154
using time 222.5254, training loss at epoch 230: 61.2795
using time 222.4059, training loss at epoch 231: 60.8680
using time 222.9875, training loss at epoch 232: 60.9029
using time 223.1197, training loss at epoch 233: 60.9237
using time 222.5545, training loss at epoch 234: 60.8567
using time 223.0458, training loss at epoch 235: 60.8296
using time 222.7926, training loss at epoch 236: 60.5625
using time 222.4091, training loss at epoch 237: 60.6121
using time 222.9620, training loss at epoch 238: 60.1334
using time 223.0481, training loss at epoch 239: 60.1480
testing..
+-------+--------------------+-------------------+-------------------+----------------------------------------------------------+----------------------------------------------------------+----------------------------------------------------------+----------------------------------------------------------+----------------------------------------------------------+----------------------------------------------------------+----------------------------------------------------------+----------------------------------------------------------+
| Epoch |   training time    |    tesing time    |        Loss       |                          recall                          |                           ndcg                           |                        precision                         |                        hit_ratio                         |                    category_coverage                     |                    intralist_distance                    |                        gini_index                        |                        F-measure                         |
+-------+--------------------+-------------------+-------------------+----------------------------------------------------------+----------------------------------------------------------+----------------------------------------------------------+----------------------------------------------------------+----------------------------------------------------------+----------------------------------------------------------+----------------------------------------------------------+----------------------------------------------------------+
|  240  | 223.22305607795715 | 613.1635463237762 | 59.98587417602539 | [0.05069869 0.07916431 0.1201124  0.17673706 0.2747598 ] | [0.10344368 0.1275885  0.15137328 0.17369393 0.197557  ] | [0.03369271 0.02641258 0.02013605 0.01490169 0.00936289] | [0.15603511 0.23300243 0.33229908 0.45098791 0.61426567] | [0.41336611 0.5840345  0.72398861 0.82117104 0.90560982] | [0.85972354 0.86275279 0.86834495 0.8745547  0.88291078] | [0.13340393 0.22992352 0.31203917 0.3876244  0.47800458] | [0.0903198  0.13942934 0.20604171 0.29087119 0.42160552] |
+-------+--------------------+-------------------+-------------------+----------------------------------------------------------+----------------------------------------------------------+----------------------------------------------------------+----------------------------------------------------------+----------------------------------------------------------+----------------------------------------------------------+----------------------------------------------------------+----------------------------------------------------------+
using time 222.3010, training loss at epoch 241: 60.2164
using time 222.9246, training loss at epoch 242: 59.7837
using time 222.5607, training loss at epoch 243: 59.6563
using time 222.9807, training loss at epoch 244: 59.8162
using time 222.8131, training loss at epoch 245: 59.5365
using time 222.7061, training loss at epoch 246: 59.6255
using time 223.3817, training loss at epoch 247: 59.2945
using time 223.1686, training loss at epoch 248: 59.3959
using time 222.6196, training loss at epoch 249: 59.3022
using time 222.9602, training loss at epoch 250: 59.2729
using time 222.4939, training loss at epoch 251: 58.9640
using time 222.9237, training loss at epoch 252: 59.1404
using time 222.9638, training loss at epoch 253: 58.8683
using time 222.9022, training loss at epoch 254: 58.9954
using time 222.8473, training loss at epoch 255: 58.8838
using time 222.6210, training loss at epoch 256: 58.6822
using time 222.7491, training loss at epoch 257: 58.6612
using time 222.9429, training loss at epoch 258: 58.4716
using time 222.9446, training loss at epoch 259: 58.4178
testing..
+-------+-------------------+-------------------+-------------------+----------------------------------------------------------+----------------------------------------------------------+----------------------------------------------------------+----------------------------------------------------------+----------------------------------------------------------+----------------------------------------------------------+----------------------------------------------------------+----------------------------------------------------------+
| Epoch |   training time   |    tesing time    |        Loss       |                          recall                          |                           ndcg                           |                        precision                         |                        hit_ratio                         |                    category_coverage                     |                    intralist_distance                    |                        gini_index                        |                        F-measure                         |
+-------+-------------------+-------------------+-------------------+----------------------------------------------------------+----------------------------------------------------------+----------------------------------------------------------+----------------------------------------------------------+----------------------------------------------------------+----------------------------------------------------------+----------------------------------------------------------+----------------------------------------------------------+
|  260  | 222.7384648323059 | 612.9646248817444 | 58.20724868774414 | [0.05067834 0.07926383 0.12050835 0.17617463 0.2747402 ] | [0.10354241 0.12766481 0.15157749 0.17359527 0.19763637] | [0.03367005 0.02642914 0.02019314 0.01487009 0.00936324] | [0.15591309 0.23310702 0.33291789 0.44998562 0.61454457] | [0.41329467 0.58301869 0.72252389 0.81879245 0.90364094] | [0.85713066 0.8611038  0.86699197 0.87346854 0.88206179] | [0.13495806 0.2307985  0.3123017  0.38690232 0.47643592] | [0.0902858  0.13955462 0.20656425 0.28996026 0.42136875] |
+-------+-------------------+-------------------+-------------------+----------------------------------------------------------+----------------------------------------------------------+----------------------------------------------------------+----------------------------------------------------------+----------------------------------------------------------+----------------------------------------------------------+----------------------------------------------------------+----------------------------------------------------------+
using time 222.1604, training loss at epoch 261: 58.2412
using time 222.9080, training loss at epoch 262: 58.1679
using time 222.8404, training loss at epoch 263: 58.3057
using time 222.9836, training loss at epoch 264: 57.9453
using time 222.6143, training loss at epoch 265: 57.7200
using time 223.1692, training loss at epoch 266: 57.9051
using time 223.0614, training loss at epoch 267: 57.6425
using time 222.6244, training loss at epoch 268: 57.7129
using time 222.7461, training loss at epoch 269: 57.4518
using time 222.9292, training loss at epoch 270: 57.1916
using time 223.0372, training loss at epoch 271: 57.3097
using time 222.6801, training loss at epoch 272: 57.3126
using time 222.8292, training loss at epoch 273: 57.0829
using time 223.0054, training loss at epoch 274: 57.2444
using time 223.0623, training loss at epoch 275: 57.1091
using time 222.5278, training loss at epoch 276: 56.7797
using time 222.8423, training loss at epoch 277: 56.8757
using time 223.2170, training loss at epoch 278: 56.8205
using time 222.9271, training loss at epoch 279: 56.5056
testing..
+-------+--------------------+-------------------+-------------------+----------------------------------------------------------+----------------------------------------------------------+----------------------------------------------------------+----------------------------------------------------------+----------------------------------------------------------+----------------------------------------------------------+----------------------------------------------------------+----------------------------------------------------------+
| Epoch |   training time    |    tesing time    |        Loss       |                          recall                          |                           ndcg                           |                        precision                         |                        hit_ratio                         |                    category_coverage                     |                    intralist_distance                    |                        gini_index                        |                        F-measure                         |
+-------+--------------------+-------------------+-------------------+----------------------------------------------------------+----------------------------------------------------------+----------------------------------------------------------+----------------------------------------------------------+----------------------------------------------------------+----------------------------------------------------------+----------------------------------------------------------+----------------------------------------------------------+
|  280  | 222.48035621643066 | 620.1923820972443 | 56.78813934326172 | [0.05069139 0.07916534 0.11996188 0.17585447 0.27403522] | [0.1036907  0.12774852 0.15155654 0.17364121 0.19760128] | [0.03364564 0.02641781 0.02012603 0.01485571 0.00934014] | [0.15596538 0.23280197 0.33212477 0.44950626 0.61345512] | [0.41256239 0.58219166 0.72091709 0.817125   0.90202975] | [0.85731455 0.86082723 0.86654917 0.87283184 0.88144477] | [0.13481295 0.23111501 0.31207006 0.3858997  0.474864  ] | [0.090289   0.13937829 0.20569564 0.28942207 0.42036439] |
+-------+--------------------+-------------------+-------------------+----------------------------------------------------------+----------------------------------------------------------+----------------------------------------------------------+----------------------------------------------------------+----------------------------------------------------------+----------------------------------------------------------+----------------------------------------------------------+----------------------------------------------------------+
using time 222.1713, training loss at epoch 281: 56.4650
using time 223.4187, training loss at epoch 282: 56.4740
using time 222.7341, training loss at epoch 283: 56.5612
using time 222.6905, training loss at epoch 284: 56.2813
using time 223.0291, training loss at epoch 285: 56.2027
using time 222.6498, training loss at epoch 286: 55.9477
using time 222.7643, training loss at epoch 287: 56.1607
using time 223.1182, training loss at epoch 288: 56.0610
using time 223.2654, training loss at epoch 289: 55.7294
using time 223.0676, training loss at epoch 290: 55.8523
using time 223.0180, training loss at epoch 291: 55.7670
using time 223.0643, training loss at epoch 292: 55.7855
using time 222.8546, training loss at epoch 293: 55.5709
using time 222.6954, training loss at epoch 294: 55.5403
using time 223.2249, training loss at epoch 295: 55.4786
using time 223.1592, training loss at epoch 296: 55.1669
using time 222.8394, training loss at epoch 297: 55.3298
using time 223.0164, training loss at epoch 298: 54.8962
using time 222.9091, training loss at epoch 299: 55.1060
early stopping at 299, recall@5:0.0507
