reading train and test user-item set ...
combinating train_cf and kg data ...
building the graph ...
Begin to load interaction triples ...

Begin to load knowledge graph triples ...
building the adj mat ...
Begin to build sparse relation matrix ...
building the item_cate list
start training ...
-------------------+-------------------+----------------------------------------------------------+----------------------------------------------------------+----------------------------------------------------------+----------------------------------------------------------+----------------------------------------------------------+----------------------------------------------------------+----------------------------------------------------------+----------------------------------------------------------+
| Epoch |  training time   |    tesing time     |        Loss       |                          recall                          |                           ndcg                           |                        precision                         |                        hit_ratio                         |                    category_coverage                     |                    intralist_distance                    |                        gini_index                        |                        F-measure                         |
+-------+------------------+--------------------+-------------------+----------------------------------------------------------+----------------------------------------------------------+----------------------------------------------------------+----------------------------------------------------------+----------------------------------------------------------+----------------------------------------------------------+----------------------------------------------------------+----------------------------------------------------------+
|   0   | 557.033584356308 | 223.58996844291687 | 73.43862915039062 | [0.03904327 0.05849249 0.08370752 0.12084314 0.18212848] | [0.04714435 0.05813178 0.0691453  0.08149278 0.09765174] | [0.01591988 0.01225227 0.00907552 0.00677423 0.00428298] | [0.07145387 0.10582086 0.15076993 0.21219419 0.31154113] | [0.50952304 0.60575371 0.69233567 0.76514936 0.83262521] | [0.69472454 0.71321871 0.72833282 0.74410924 0.76784846] | [0.18432992 0.32159162 0.42878533 0.5153455  0.60860642] | [0.07252887 0.10668346 0.14935691 0.20872197 0.29887995] |
+-------+------------------+--------------------+-------------------+----------------------------------------------------------+----------------------------------------------------------+----------------------------------------------------------+----------------------------------------------------------+----------------------------------------------------------+----------------------------------------------------------+----------------------------------------------------------+----------------------------------------------------------+
using time 554.0088, training loss at epoch 1: 62.7756
using time 555.6043, training loss at epoch 2: 59.9233
using time 554.6881, training loss at epoch 3: 57.8659
using time 556.1478, training loss at epoch 4: 56.9085
using time 555.0597, training loss at epoch 5: 55.6319
using time 554.5391, training loss at epoch 6: 55.0164
using time 555.7353, training loss at epoch 7: 54.2364
using time 556.0993, training loss at epoch 8: 53.5187
using time 553.9829, training loss at epoch 9: 53.0985
using time 554.8895, training loss at epoch 10: 52.6563
using time 554.2730, training loss at epoch 11: 52.2403
using time 554.1345, training loss at epoch 12: 51.6163
using time 556.2461, training loss at epoch 13: 51.0404
using time 554.9301, training loss at epoch 14: 50.5432
using time 790.4371, training loss at epoch 15: 50.3773
using time 922.6980, training loss at epoch 16: 49.8734
using time 921.3296, training loss at epoch 17: 49.3005
using time 863.9201, training loss at epoch 18: 48.9823
using time 554.0891, training loss at epoch 19: 48.7494
testing..
+-------+-------------------+-------------------+------------------+----------------------------------------------------------+----------------------------------------------------------+----------------------------------------------------------+----------------------------------------------------------+----------------------------------------------------------+----------------------------------------------------------+----------------------------------------------------------+----------------------------------------------------------+
| Epoch |   training time   |    tesing time    |       Loss       |                          recall                          |                           ndcg                           |                        precision                         |                        hit_ratio                         |                    category_coverage                     |                    intralist_distance                    |                        gini_index                        |                        F-measure                         |
+-------+-------------------+-------------------+------------------+----------------------------------------------------------+----------------------------------------------------------+----------------------------------------------------------+----------------------------------------------------------+----------------------------------------------------------+----------------------------------------------------------+----------------------------------------------------------+----------------------------------------------------------+
|   20  | 555.0858039855957 | 222.0675139427185 | 48.3920783996582 | [0.05841328 0.09071286 0.13279449 0.18373099 0.27548682] | [0.07060118 0.08812137 0.10523559 0.12145253 0.14212313] | [0.02381607 0.01909309 0.01448131 0.01045636 0.00660183] | [0.10566503 0.16043122 0.22961851 0.31073366 0.43725121] | [0.52080485 0.62401447 0.71021399 0.77802129 0.84510613] | [0.69729286 0.72426293 0.73829175 0.75121097 0.77615069] | [0.18400292 0.31504174 0.42146592 0.50850213 0.60320029] | [0.10504477 0.15839926 0.22375221 0.29726287 0.41552216] |
+-------+-------------------+-------------------+------------------+----------------------------------------------------------+----------------------------------------------------------+----------------------------------------------------------+----------------------------------------------------------+----------------------------------------------------------+----------------------------------------------------------+----------------------------------------------------------+----------------------------------------------------------+
using time 552.7639, training loss at epoch 21: 47.8570
using time 554.4159, training loss at epoch 22: 47.5542
using time 554.8323, training loss at epoch 23: 47.2679
using time 553.9523, training loss at epoch 24: 46.8719
using time 555.3893, training loss at epoch 25: 46.4923
using time 555.0859, training loss at epoch 26: 46.1262
using time 554.3787, training loss at epoch 27: 45.9827
using time 556.1355, training loss at epoch 28: 45.4477
using time 554.9452, training loss at epoch 29: 45.0602
using time 555.3380, training loss at epoch 30: 45.0062
using time 554.8321, training loss at epoch 31: 44.5088
using time 556.4230, training loss at epoch 32: 44.1508
using time 555.0944, training loss at epoch 33: 43.7865
using time 555.2143, training loss at epoch 34: 43.6854
using time 555.5306, training loss at epoch 35: 43.1007
using time 554.7497, training loss at epoch 36: 42.7962
using time 555.2771, training loss at epoch 37: 42.4303
using time 554.8397, training loss at epoch 38: 42.2135
using time 555.0831, training loss at epoch 39: 42.3155
testing..
+-------+-------------------+-------------------+-------------------+----------------------------------------------------------+----------------------------------------------------------+----------------------------------------------------------+----------------------------------------------------------+----------------------------------------------------------+----------------------------------------------------------+----------------------------------------------------------+----------------------------------------------------------+
| Epoch |   training time   |    tesing time    |        Loss       |                          recall                          |                           ndcg                           |                        precision                         |                        hit_ratio                         |                    category_coverage                     |                    intralist_distance                    |                        gini_index                        |                        F-measure                         |
+-------+-------------------+-------------------+-------------------+----------------------------------------------------------+----------------------------------------------------------+----------------------------------------------------------+----------------------------------------------------------+----------------------------------------------------------+----------------------------------------------------------+----------------------------------------------------------+----------------------------------------------------------+
|   40  | 555.1747493743896 | 225.0281903743744 | 41.75148391723633 | [0.06063548 0.09621169 0.14124522 0.19850835 0.29480602] | [0.07441182 0.09355601 0.1115012  0.12883368 0.15011303] | [0.02506552 0.02033404 0.01544602 0.01131058 0.00707852] | [0.11178479 0.17196243 0.24481874 0.33209616 0.46258022] | [0.51963563 0.62097814 0.71311562 0.77914259 0.84778426] | [0.68705926 0.71923585 0.74189203 0.75651171 0.77979925] | [0.18874077 0.31946258 0.42015098 0.50734049 0.60488751] | [0.10859874 0.16660961 0.23578836 0.31640395 0.43748298] |
+-------+-------------------+-------------------+-------------------+----------------------------------------------------------+----------------------------------------------------------+----------------------------------------------------------+----------------------------------------------------------+----------------------------------------------------------+----------------------------------------------------------+----------------------------------------------------------+----------------------------------------------------------+
using time 552.5866, training loss at epoch 41: 41.7079
using time 554.9891, training loss at epoch 42: 41.2301
using time 555.7910, training loss at epoch 43: 40.8493
using time 553.0605, training loss at epoch 44: 40.6634
using time 555.5276, training loss at epoch 45: 40.2561
using time 555.4485, training loss at epoch 46: 40.3243
using time 553.5662, training loss at epoch 47: 39.8999
using time 556.2004, training loss at epoch 48: 39.5277
using time 556.7301, training loss at epoch 49: 39.2968
using time 553.9318, training loss at epoch 50: 39.1499
using time 555.3978, training loss at epoch 51: 38.9506
using time 555.6039, training loss at epoch 52: 38.7425
using time 553.9429, training loss at epoch 53: 38.3797
using time 556.8358, training loss at epoch 54: 38.1170
using time 554.7387, training loss at epoch 55: 37.8586
using time 554.5354, training loss at epoch 56: 37.6671
using time 555.1486, training loss at epoch 57: 37.5013
using time 556.3619, training loss at epoch 58: 37.2650
using time 552.8910, training loss at epoch 59: 36.8164
testing..
+-------+------------------+--------------------+-------------------+----------------------------------------------------------+----------------------------------------------------------+----------------------------------------------------------+----------------------------------------------------------+----------------------------------------------------------+----------------------------------------------------------+----------------------------------------------------------+----------------------------------------------------------+
| Epoch |  training time   |    tesing time     |        Loss       |                          recall                          |                           ndcg                           |                        precision                         |                        hit_ratio                         |                    category_coverage                     |                    intralist_distance                    |                        gini_index                        |                        F-measure                         |
+-------+------------------+--------------------+-------------------+----------------------------------------------------------+----------------------------------------------------------+----------------------------------------------------------+----------------------------------------------------------+----------------------------------------------------------+----------------------------------------------------------+----------------------------------------------------------+----------------------------------------------------------+
|   60  | 556.594678401947 | 219.64350175857544 | 36.73427963256836 | [0.06249698 0.09682073 0.14444145 0.20386534 0.30535794] | [0.07653726 0.0951092  0.1144179  0.13206814 0.15403988] | [0.02582766 0.02055644 0.0158278  0.01162329 0.00733875] | [0.11548214 0.17397402 0.25219929 0.34145996 0.47718548] | [0.51617    0.61980087 0.71494491 0.78099173 0.84969665] | [0.68328399 0.70991958 0.73504435 0.75330445 0.77904836] | [0.18845344 0.32227877 0.42191795 0.50705949 0.60396427] | [0.1114944  0.16747911 0.24032888 0.32333046 0.44926295] |
+-------+------------------+--------------------+-------------------+----------------------------------------------------------+----------------------------------------------------------+----------------------------------------------------------+----------------------------------------------------------+----------------------------------------------------------+----------------------------------------------------------+----------------------------------------------------------+----------------------------------------------------------+
using time 551.5401, training loss at epoch 61: 36.7423
using time 555.3733, training loss at epoch 62: 36.3678
using time 555.2741, training loss at epoch 63: 36.0619
using time 554.6483, training loss at epoch 64: 36.0020
using time 554.8133, training loss at epoch 65: 35.8715
using time 555.1057, training loss at epoch 66: 35.5202
using time 553.7329, training loss at epoch 67: 35.6271
using time 555.0883, training loss at epoch 68: 35.2308
using time 555.0678, training loss at epoch 69: 35.1299
using time 555.0491, training loss at epoch 70: 34.8065
using time 554.9037, training loss at epoch 71: 34.7218
using time 554.8034, training loss at epoch 72: 34.5988
using time 553.8517, training loss at epoch 73: 34.4301
using time 555.8535, training loss at epoch 74: 34.1781
using time 555.3051, training loss at epoch 75: 34.0585
using time 553.8907, training loss at epoch 76: 33.8972
using time 555.8817, training loss at epoch 77: 33.6740
using time 557.9769, training loss at epoch 78: 33.4443
using time 553.9846, training loss at epoch 79: 33.2736
testing..
+-------+-------------------+--------------------+--------------------+----------------------------------------------------------+----------------------------------------------------------+----------------------------------------------------------+----------------------------------------------------------+----------------------------------------------------------+----------------------------------------------------------+----------------------------------------------------------+----------------------------------------------------------+
| Epoch |   training time   |    tesing time     |        Loss        |                          recall                          |                           ndcg                           |                        precision                         |                        hit_ratio                         |                    category_coverage                     |                    intralist_distance                    |                        gini_index                        |                        F-measure                         |
+-------+-------------------+--------------------+--------------------+----------------------------------------------------------+----------------------------------------------------------+----------------------------------------------------------+----------------------------------------------------------+----------------------------------------------------------+----------------------------------------------------------+----------------------------------------------------------+----------------------------------------------------------+
|   80  | 555.4803194999695 | 228.53625178337097 | 33.095298767089844 | [0.06590209 0.10176592 0.1511817  0.21191281 0.31759019] | [0.0807695  0.10014898 0.11995601 0.13782641 0.16002801] | [0.0273321  0.02163024 0.01662252 0.01207732 0.00764106] | [0.12242354 0.18356448 0.26412716 0.35459195 0.49330651] | [0.52212432 0.62358252 0.71511909 0.7816917  0.85068365] | [0.69130767 0.70694911 0.72862569 0.74793879 0.77538812] | [0.18811628 0.32345492 0.4238937  0.50759319 0.60474098] | [0.11703244 0.17497646 0.24959672 0.33343343 0.46250935] |
+-------+-------------------+--------------------+--------------------+----------------------------------------------------------+----------------------------------------------------------+----------------------------------------------------------+----------------------------------------------------------+----------------------------------------------------------+----------------------------------------------------------+----------------------------------------------------------+----------------------------------------------------------+
using time 552.7196, training loss at epoch 81: 33.0539
using time 555.2683, training loss at epoch 82: 32.9608
using time 555.0077, training loss at epoch 83: 32.7754
using time 552.8308, training loss at epoch 84: 32.4828
using time 555.4180, training loss at epoch 85: 32.4864
using time 556.2958, training loss at epoch 86: 32.2009
using time 554.4784, training loss at epoch 87: 31.9006
using time 555.1363, training loss at epoch 88: 31.9807
using time 555.6085, training loss at epoch 89: 31.6933
using time 553.7266, training loss at epoch 90: 31.8177
using time 555.4846, training loss at epoch 91: 31.4144
using time 554.9599, training loss at epoch 92: 31.4345
using time 554.3611, training loss at epoch 93: 31.2954
using time 556.6700, training loss at epoch 94: 30.9468
using time 555.6552, training loss at epoch 95: 31.1385
using time 554.3468, training loss at epoch 96: 30.9289
using time 555.5429, training loss at epoch 97: 30.6460
using time 556.4960, training loss at epoch 98: 30.6136
using time 554.0066, training loss at epoch 99: 30.6448
testing..
+-------+-------------------+-------------------+--------------------+----------------------------------------------------------+----------------------------------------------------------+----------------------------------------------------------+----------------------------------------------------------+----------------------------------------------------------+----------------------------------------------------------+----------------------------------------------------------+----------------------------------------------------------+
| Epoch |   training time   |    tesing time    |        Loss        |                          recall                          |                           ndcg                           |                        precision                         |                        hit_ratio                         |                    category_coverage                     |                    intralist_distance                    |                        gini_index                        |                        F-measure                         |
+-------+-------------------+-------------------+--------------------+----------------------------------------------------------+----------------------------------------------------------+----------------------------------------------------------+----------------------------------------------------------+----------------------------------------------------------+----------------------------------------------------------+----------------------------------------------------------+----------------------------------------------------------+
|  100  | 555.8314323425293 | 220.3351993560791 | 30.518108367919922 | [0.0675266  0.10357312 0.15400662 0.21516564 0.32460971] | [0.08162284 0.10105169 0.12131    0.13935052 0.16226253] | [0.02768908 0.02189089 0.01681305 0.01220233 0.00777932] | [0.12456262 0.18576022 0.26823533 0.35962091 0.50228783] | [0.52453781 0.62512262 0.71509987 0.78120139 0.85055458] | [0.69000581 0.70670828 0.72795928 0.74719827 0.77478438] | [0.18618049 0.32177818 0.42355027 0.50684314 0.60259682] | [0.11965001 0.17770353 0.25343295 0.33740116 0.46988881] |
+-------+-------------------+-------------------+--------------------+----------------------------------------------------------+----------------------------------------------------------+----------------------------------------------------------+----------------------------------------------------------+----------------------------------------------------------+----------------------------------------------------------+----------------------------------------------------------+----------------------------------------------------------+
using time 551.8500, training loss at epoch 101: 30.3040
using time 554.6767, training loss at epoch 102: 30.0787
using time 557.4733, training loss at epoch 103: 30.1292
using time 553.2262, training loss at epoch 104: 29.9953
using time 555.1614, training loss at epoch 105: 29.7701
using time 555.2146, training loss at epoch 106: 29.6575
using time 554.7012, training loss at epoch 107: 29.5029
using time 555.1808, training loss at epoch 108: 29.5144
using time 554.8959, training loss at epoch 109: 29.2924
using time 554.3408, training loss at epoch 110: 29.0872
using time 556.0064, training loss at epoch 111: 29.3137
using time 556.2303, training loss at epoch 112: 28.9694
using time 554.3253, training loss at epoch 113: 28.9748
using time 555.8587, training loss at epoch 114: 28.7277
using time 556.3845, training loss at epoch 115: 28.6606
using time 554.2585, training loss at epoch 116: 28.4980
using time 556.3592, training loss at epoch 117: 28.2900
using time 556.1652, training loss at epoch 118: 28.2276
using time 554.0881, training loss at epoch 119: 28.3089
testing..
+-------+-------------------+--------------------+--------------------+----------------------------------------------------------+----------------------------------------------------------+----------------------------------------------------------+----------------------------------------------------------+----------------------------------------------------------+----------------------------------------------------------+----------------------------------------------------------+----------------------------------------------------------+
| Epoch |   training time   |    tesing time     |        Loss        |                          recall                          |                           ndcg                           |                        precision                         |                        hit_ratio                         |                    category_coverage                     |                    intralist_distance                    |                        gini_index                        |                        F-measure                         |
+-------+-------------------+--------------------+--------------------+----------------------------------------------------------+----------------------------------------------------------+----------------------------------------------------------+----------------------------------------------------------+----------------------------------------------------------+----------------------------------------------------------+----------------------------------------------------------+----------------------------------------------------------+
|  120  | 555.1251821517944 | 221.16742992401123 | 28.140291213989258 | [0.06875299 0.1062825  0.15741126 0.21928786 0.33009657] | [0.08308887 0.10320036 0.12361783 0.14188132 0.16466861] | [0.02821323 0.02241221 0.01715658 0.01239995 0.00790469] | [0.12694253 0.19050587 0.27366095 0.36600983 0.50871924] | [0.52574087 0.62575372 0.71423982 0.78093069 0.84982435] | [0.69259254 0.70811986 0.72784573 0.7473857  0.77490299] | [0.18605205 0.32066086 0.42311497 0.50508346 0.60107965] | [0.12160346 0.18170322 0.2579688  0.3424224  0.47549645] |
+-------+-------------------+--------------------+--------------------+----------------------------------------------------------+----------------------------------------------------------+----------------------------------------------------------+----------------------------------------------------------+----------------------------------------------------------+----------------------------------------------------------+----------------------------------------------------------+----------------------------------------------------------+
using time 553.2907, training loss at epoch 121: 27.7385
using time 556.1949, training loss at epoch 122: 27.7846
using time 555.7816, training loss at epoch 123: 27.7865
using time 555.0520, training loss at epoch 124: 27.7076
using time 555.3240, training loss at epoch 125: 27.6408
using time 554.6736, training loss at epoch 126: 27.4817
using time 553.9882, training loss at epoch 127: 27.4376
using time 556.8999, training loss at epoch 128: 27.2699
using time 555.7736, training loss at epoch 129: 27.1818
using time 553.3243, training loss at epoch 130: 26.9752
using time 555.2880, training loss at epoch 131: 27.1187
using time 555.2077, training loss at epoch 132: 27.0999
using time 554.4621, training loss at epoch 133: 27.0497
using time 555.5199, training loss at epoch 134: 26.6433
using time 556.6912, training loss at epoch 135: 26.5149
using time 554.8445, training loss at epoch 136: 26.5598
using time 556.2620, training loss at epoch 137: 26.4578
using time 556.4341, training loss at epoch 138: 26.4422
using time 555.8744, training loss at epoch 139: 26.3460
testing..
+-------+-------------------+-------------------+--------------------+----------------------------------------------------------+----------------------------------------------------------+----------------------------------------------------------+----------------------------------------------------------+----------------------------------------------------------+----------------------------------------------------------+----------------------------------------------------------+----------------------------------------------------------+
| Epoch |   training time   |    tesing time    |        Loss        |                          recall                          |                           ndcg                           |                        precision                         |                        hit_ratio                         |                    category_coverage                     |                    intralist_distance                    |                        gini_index                        |                        F-measure                         |
+-------+-------------------+-------------------+--------------------+----------------------------------------------------------+----------------------------------------------------------+----------------------------------------------------------+----------------------------------------------------------+----------------------------------------------------------+----------------------------------------------------------+----------------------------------------------------------+----------------------------------------------------------+
|  140  | 555.4798893928528 | 220.4648780822754 | 26.315019607543945 | [0.06990593 0.10711175 0.1591813  0.22203071 0.33407308] | [0.08374538 0.10401174 0.1247895  0.143177   0.16608101] | [0.02850505 0.02258078 0.01731807 0.0125324  0.00799011] | [0.12814665 0.19190832 0.27653667 0.36973552 0.5132524 ] | [0.52627962 0.6254692  0.71243462 0.77922045 0.84820663] | [0.68480118 0.70007917 0.72144824 0.74315706 0.77276756] | [0.18618521 0.3230192  0.42472076 0.50547106 0.59964036] | [0.12341818 0.18290157 0.26022074 0.34558936 0.47935019] |
+-------+-------------------+-------------------+--------------------+----------------------------------------------------------+----------------------------------------------------------+----------------------------------------------------------+----------------------------------------------------------+----------------------------------------------------------+----------------------------------------------------------+----------------------------------------------------------+----------------------------------------------------------+
using time 553.0609, training loss at epoch 141: 26.2025
using time 555.2209, training loss at epoch 142: 25.9776
using time 555.7526, training loss at epoch 143: 25.9673
using time 555.6114, training loss at epoch 144: 25.8406
using time 555.0363, training loss at epoch 145: 25.8825
using time 556.4800, training loss at epoch 146: 25.7376
using time 554.2726, training loss at epoch 147: 25.6069
using time 555.2812, training loss at epoch 148: 25.6092
using time 554.5039, training loss at epoch 149: 25.5707
using time 553.2938, training loss at epoch 150: 25.4968
using time 556.1015, training loss at epoch 151: 25.3580
using time 555.8797, training loss at epoch 152: 25.3416
using time 555.8778, training loss at epoch 153: 25.4018
using time 555.0114, training loss at epoch 154: 25.2189
using time 556.3129, training loss at epoch 155: 24.9558
using time 555.0246, training loss at epoch 156: 24.9387
using time 557.4698, training loss at epoch 157: 25.0870
using time 555.9754, training loss at epoch 158: 24.7138
using time 555.2605, training loss at epoch 159: 24.9526
testing..
+-------+-------------------+-------------------+--------------------+----------------------------------------------------------+----------------------------------------------------------+----------------------------------------------------------+----------------------------------------------------------+----------------------------------------------------------+----------------------------------------------------------+----------------------------------------------------------+----------------------------------------------------------+
| Epoch |   training time   |    tesing time    |        Loss        |                          recall                          |                           ndcg                           |                        precision                         |                        hit_ratio                         |                    category_coverage                     |                    intralist_distance                    |                        gini_index                        |                        F-measure                         |
+-------+-------------------+-------------------+--------------------+----------------------------------------------------------+----------------------------------------------------------+----------------------------------------------------------+----------------------------------------------------------+----------------------------------------------------------+----------------------------------------------------------+----------------------------------------------------------+----------------------------------------------------------+
|  160  | 555.7831406593323 | 221.4829683303833 | 24.606103897094727 | [0.07050942 0.10896585 0.16098521 0.2246129  0.33659833] | [0.08465226 0.10537098 0.12594963 0.1446632  0.16763924] | [0.02869204 0.02289102 0.0174314  0.01265884 0.00804139] | [0.12939327 0.19495403 0.27859076 0.37339038 0.51709141] | [0.52816572 0.62643883 0.71210448 0.77843996 0.8462961 ] | [0.68471477 0.69997907 0.72133871 0.74282512 0.77251432] | [0.18627823 0.32158618 0.42296338 0.5032214  0.59742498] | [0.12441024 0.18564048 0.26260369 0.34863099 0.48163529] |
+-------+-------------------+-------------------+--------------------+----------------------------------------------------------+----------------------------------------------------------+----------------------------------------------------------+----------------------------------------------------------+----------------------------------------------------------+----------------------------------------------------------+----------------------------------------------------------+----------------------------------------------------------+
using time 552.6520, training loss at epoch 161: 24.6402
using time 555.5484, training loss at epoch 162: 24.4753
using time 556.1082, training loss at epoch 163: 24.4604
using time 553.9856, training loss at epoch 164: 24.4692
using time 555.4316, training loss at epoch 165: 24.4121
using time 555.0471, training loss at epoch 166: 24.2750
using time 553.5945, training loss at epoch 167: 24.1740
using time 555.7501, training loss at epoch 168: 24.0778
using time 555.8325, training loss at epoch 169: 24.0064
using time 553.2898, training loss at epoch 170: 23.9872
using time 556.1270, training loss at epoch 171: 23.9672
using time 554.5822, training loss at epoch 172: 23.8855
using time 553.5021, training loss at epoch 173: 23.9506
using time 555.2117, training loss at epoch 174: 23.6265
using time 555.6479, training loss at epoch 175: 23.7033
using time 555.0379, training loss at epoch 176: 23.6726
using time 554.9785, training loss at epoch 177: 23.6618
using time 555.9671, training loss at epoch 178: 23.5092
using time 554.7788, training loss at epoch 179: 23.3704
testing..
+-------+-------------------+-------------------+-------------------+----------------------------------------------------------+----------------------------------------------------------+----------------------------------------------------------+----------------------------------------------------------+----------------------------------------------------------+----------------------------------------------------------+----------------------------------------------------------+----------------------------------------------------------+
| Epoch |   training time   |    tesing time    |        Loss       |                          recall                          |                           ndcg                           |                        precision                         |                        hit_ratio                         |                    category_coverage                     |                    intralist_distance                    |                        gini_index                        |                        F-measure                         |
+-------+-------------------+-------------------+-------------------+----------------------------------------------------------+----------------------------------------------------------+----------------------------------------------------------+----------------------------------------------------------+----------------------------------------------------------+----------------------------------------------------------+----------------------------------------------------------+----------------------------------------------------------+
|  180  | 556.5944356918335 | 221.1819362640381 | 23.38707733154297 | [0.07121385 0.11043226 0.16206023 0.22522536 0.33703627] | [0.08527028 0.10637949 0.12674788 0.14536121 0.16814547] | [0.0289272  0.02314176 0.0175334  0.01270098 0.0080557 ] | [0.13048406 0.19700812 0.28040402 0.37463699 0.51768639] | [0.52570239 0.62493215 0.71157959 0.7770947  0.8442356 ] | [0.68442719 0.69956856 0.72145696 0.74294947 0.77270589] | [0.18641564 0.32147354 0.42206551 0.50164135 0.59491618] | [0.12543566 0.18769652 0.2639961  0.34923262 0.48174857] |
+-------+-------------------+-------------------+-------------------+----------------------------------------------------------+----------------------------------------------------------+----------------------------------------------------------+----------------------------------------------------------+----------------------------------------------------------+----------------------------------------------------------+----------------------------------------------------------+----------------------------------------------------------+
using time 551.7677, training loss at epoch 181: 23.2465
using time 555.9696, training loss at epoch 182: 23.1874
using time 555.5136, training loss at epoch 183: 22.9341
using time 554.5543, training loss at epoch 184: 23.2153
using time 556.5353, training loss at epoch 185: 22.8435
using time 555.4723, training loss at epoch 186: 23.0793
using time 552.6449, training loss at epoch 187: 22.8239
using time 555.2169, training loss at epoch 188: 22.9522
using time 555.4717, training loss at epoch 189: 22.8113
using time 554.3044, training loss at epoch 190: 22.7635
using time 556.9962, training loss at epoch 191: 22.8057
using time 556.2524, training loss at epoch 192: 22.6086
using time 553.1948, training loss at epoch 193: 22.7135
using time 555.1121, training loss at epoch 194: 22.5614
using time 555.3056, training loss at epoch 195: 22.4570
using time 554.7582, training loss at epoch 196: 22.3355
using time 554.8483, training loss at epoch 197: 22.4442
using time 555.9305, training loss at epoch 198: 22.5262
using time 555.3672, training loss at epoch 199: 22.3585
testing..
+-------+-------------------+-------------------+--------------------+----------------------------------------------------------+----------------------------------------------------------+----------------------------------------------------------+----------------------------------------------------------+----------------------------------------------------------+----------------------------------------------------------+----------------------------------------------------------+----------------------------------------------------------+
| Epoch |   training time   |    tesing time    |        Loss        |                          recall                          |                           ndcg                           |                        precision                         |                        hit_ratio                         |                    category_coverage                     |                    intralist_distance                    |                        gini_index                        |                        F-measure                         |
+-------+-------------------+-------------------+--------------------+----------------------------------------------------------+----------------------------------------------------------+----------------------------------------------------------+----------------------------------------------------------+----------------------------------------------------------+----------------------------------------------------------+----------------------------------------------------------+----------------------------------------------------------+
|  200  | 555.5970857143402 | 220.9423065185547 | 22.382427215576172 | [0.07162022 0.11096244 0.16297299 0.22744036 0.3393003 ] | [0.08570217 0.10672249 0.12722174 0.14608196 0.16906083] | [0.02914819 0.02317718 0.01760919 0.01280935 0.00809593] | [0.13137652 0.19787225 0.28136731 0.37721523 0.52027879] | [0.52479231 0.62425301 0.70945572 0.77542815 0.84189689] | [0.67513847 0.69499732 0.71815685 0.74041839 0.77212029] | [0.18720682 0.32193347 0.42139449 0.50007543 0.59236111] | [0.1260394  0.18843086 0.26505804 0.35171841 0.48367177] |
+-------+-------------------+-------------------+--------------------+----------------------------------------------------------+----------------------------------------------------------+----------------------------------------------------------+----------------------------------------------------------+----------------------------------------------------------+----------------------------------------------------------+----------------------------------------------------------+----------------------------------------------------------+
using time 553.0522, training loss at epoch 201: 22.2620
using time 555.5754, training loss at epoch 202: 22.0724
using time 556.5342, training loss at epoch 203: 22.0945
using time 554.5142, training loss at epoch 204: 22.0545
using time 557.2915, training loss at epoch 205: 21.9421
using time 556.2422, training loss at epoch 206: 21.8812
using time 553.5375, training loss at epoch 207: 22.0584
using time 555.6105, training loss at epoch 208: 21.8780
using time 555.2014, training loss at epoch 209: 21.6523
using time 553.9654, training loss at epoch 210: 21.6945
using time 554.1244, training loss at epoch 211: 21.6933
using time 555.4647, training loss at epoch 212: 21.6290
using time 554.2254, training loss at epoch 213: 21.4876
using time 556.2688, training loss at epoch 214: 21.4541
using time 555.8490, training loss at epoch 215: 21.6034
using time 555.0724, training loss at epoch 216: 21.4089
using time 556.2883, training loss at epoch 217: 21.5916
using time 554.8253, training loss at epoch 218: 21.5336
using time 554.5508, training loss at epoch 219: 21.1917
testing..
+-------+-------------------+--------------------+--------------------+----------------------------------------------------------+----------------------------------------------------------+----------------------------------------------------------+----------------------------------------------------------+----------------------------------------------------------+----------------------------------------------------------+----------------------------------------------------------+----------------------------------------------------------+
| Epoch |   training time   |    tesing time     |        Loss        |                          recall                          |                           ndcg                           |                        precision                         |                        hit_ratio                         |                    category_coverage                     |                    intralist_distance                    |                        gini_index                        |                        F-measure                         |
+-------+-------------------+--------------------+--------------------+----------------------------------------------------------+----------------------------------------------------------+----------------------------------------------------------+----------------------------------------------------------+----------------------------------------------------------+----------------------------------------------------------+----------------------------------------------------------+----------------------------------------------------------+
|  220  | 555.5753931999207 | 223.77733325958252 | 21.302202224731445 | [0.07165317 0.11226845 0.16369725 0.22765073 0.33881741] | [0.08563001 0.10741342 0.12746087 0.1463928  0.16907746] | [0.02908586 0.02343358 0.01766372 0.01281714 0.00807723] | [0.1310932  0.19982717 0.28194812 0.37769687 0.51957048] | [0.52652585 0.62571256 0.7093206  0.77434639 0.84103183] | [0.67955263 0.69702716 0.71796397 0.74060569 0.7726389 ] | [0.18722618 0.32109853 0.42041952 0.49808442 0.59037618] | [0.12614032 0.19037829 0.26600564 0.35185834 0.48303837] |
+-------+-------------------+--------------------+--------------------+----------------------------------------------------------+----------------------------------------------------------+----------------------------------------------------------+----------------------------------------------------------+----------------------------------------------------------+----------------------------------------------------------+----------------------------------------------------------+----------------------------------------------------------+
using time 553.1868, training loss at epoch 221: 21.1710
using time 555.2234, training loss at epoch 222: 21.0486
using time 555.2502, training loss at epoch 223: 21.1576
using time 553.9368, training loss at epoch 224: 21.1688
using time 554.9303, training loss at epoch 225: 21.0958
using time 555.0800, training loss at epoch 226: 21.0225
using time 553.5418, training loss at epoch 227: 21.0856
using time 555.1064, training loss at epoch 228: 20.9935
using time 555.4198, training loss at epoch 229: 20.9120
using time 553.4054, training loss at epoch 230: 20.8086
using time 555.6159, training loss at epoch 231: 20.8809
using time 555.1273, training loss at epoch 232: 20.7209
using time 553.4602, training loss at epoch 233: 20.9529
using time 555.7317, training loss at epoch 234: 20.6670
using time 555.3878, training loss at epoch 235: 20.6763
using time 554.0622, training loss at epoch 236: 20.5565
using time 556.6524, training loss at epoch 237: 20.7037
using time 556.2053, training loss at epoch 238: 20.6024
using time 554.1809, training loss at epoch 239: 20.4166
testing..
+-------+-------------------+--------------------+--------------------+----------------------------------------------------------+----------------------------------------------------------+----------------------------------------------------------+----------------------------------------------------------+----------------------------------------------------------+----------------------------------------------------------+----------------------------------------------------------+----------------------------------------------------------+
| Epoch |   training time   |    tesing time     |        Loss        |                          recall                          |                           ndcg                           |                        precision                         |                        hit_ratio                         |                    category_coverage                     |                    intralist_distance                    |                        gini_index                        |                        F-measure                         |
+-------+-------------------+--------------------+--------------------+----------------------------------------------------------+----------------------------------------------------------+----------------------------------------------------------+----------------------------------------------------------+----------------------------------------------------------+----------------------------------------------------------+----------------------------------------------------------+----------------------------------------------------------+
|  240  | 555.9092025756836 | 221.21468114852905 | 20.376476287841797 | [0.07258347 0.11276912 0.16458832 0.22880515 0.33952931] | [0.08643416 0.10801293 0.1285829  0.14727838 0.16970511] | [0.02930119 0.02343925 0.01778272 0.01284264 0.00807964] | [0.13218399 0.20026632 0.28415804 0.37918432 0.51962715] | [0.52565337 0.62367179 0.70714643 0.77264846 0.83820699] | [0.67400093 0.69216441 0.71482275 0.73860207 0.77180344] | [0.18716574 0.3210903  0.41987489 0.49797284 0.58872693] | [0.12755398 0.19100221 0.26702628 0.35305869 0.48329298] |
+-------+-------------------+--------------------+--------------------+----------------------------------------------------------+----------------------------------------------------------+----------------------------------------------------------+----------------------------------------------------------+----------------------------------------------------------+----------------------------------------------------------+----------------------------------------------------------+----------------------------------------------------------+
using time 552.0597, training loss at epoch 241: 20.2483
using time 556.6282, training loss at epoch 242: 20.3760
using time 556.4281, training loss at epoch 243: 20.2899
using time 553.2029, training loss at epoch 244: 20.3155
using time 555.3500, training loss at epoch 245: 20.1870
using time 556.2979, training loss at epoch 246: 20.1747
using time 553.5263, training loss at epoch 247: 20.0071
using time 557.4433, training loss at epoch 248: 20.1516
using time 555.4228, training loss at epoch 249: 20.2260
using time 553.7271, training loss at epoch 250: 20.0041
using time 555.3280, training loss at epoch 251: 20.0164
using time 554.5628, training loss at epoch 252: 19.9683
using time 554.6359, training loss at epoch 253: 19.9943
using time 555.1033, training loss at epoch 254: 19.9554
using time 555.4785, training loss at epoch 255: 19.7701
using time 553.4205, training loss at epoch 256: 19.9514
using time 556.2330, training loss at epoch 257: 19.8425
using time 556.0253, training loss at epoch 258: 19.7049
using time 553.3370, training loss at epoch 259: 19.8333
testing..
+-------+-------------------+-------------------+--------------------+----------------------------------------------------------+----------------------------------------------------------+----------------------------------------------------------+----------------------------------------------------------+----------------------------------------------------------+----------------------------------------------------------+----------------------------------------------------------+----------------------------------------------------------+
| Epoch |   training time   |    tesing time    |        Loss        |                          recall                          |                           ndcg                           |                        precision                         |                        hit_ratio                         |                    category_coverage                     |                    intralist_distance                    |                        gini_index                        |                        F-measure                         |
+-------+-------------------+-------------------+--------------------+----------------------------------------------------------+----------------------------------------------------------+----------------------------------------------------------+----------------------------------------------------------+----------------------------------------------------------+----------------------------------------------------------+----------------------------------------------------------+----------------------------------------------------------+
|  260  | 555.5481989383698 | 227.0122103691101 | 19.657121658325195 | [0.07236039 0.11233959 0.164354   0.22841894 0.33859467] | [0.08621322 0.10774751 0.12809703 0.1470193  0.16953731] | [0.02924169 0.02340383 0.01769418 0.01280652 0.00805188] | [0.13185817 0.19984134 0.28298225 0.37874517 0.51938632] | [0.52660061 0.62410062 0.70743592 0.77166444 0.83711734] | [0.67654375 0.69462774 0.71558861 0.73911067 0.77245202] | [0.18632758 0.31913526 0.41862846 0.49500883 0.58492865] | [0.12723709 0.1904057  0.2667384  0.35249615 0.48216479] |
+-------+-------------------+-------------------+--------------------+----------------------------------------------------------+----------------------------------------------------------+----------------------------------------------------------+----------------------------------------------------------+----------------------------------------------------------+----------------------------------------------------------+----------------------------------------------------------+----------------------------------------------------------+
using time 552.4397, training loss at epoch 261: 19.6690
using time 555.7899, training loss at epoch 262: 19.5980
using time 556.2281, training loss at epoch 263: 19.5929
using time 553.7576, training loss at epoch 264: 19.6152
using time 555.5997, training loss at epoch 265: 19.4230
using time 556.2472, training loss at epoch 266: 19.5340
using time 552.9512, training loss at epoch 267: 19.4736
using time 556.2275, training loss at epoch 268: 19.3402
using time 555.0496, training loss at epoch 269: 19.3783
using time 553.7730, training loss at epoch 270: 19.2395
using time 556.9105, training loss at epoch 271: 19.4085
using time 556.1119, training loss at epoch 272: 19.2205
using time 554.2505, training loss at epoch 273: 19.1521
using time 555.5049, training loss at epoch 274: 19.3607
using time 555.8603, training loss at epoch 275: 19.2800
using time 554.7323, training loss at epoch 276: 19.0937
using time 555.4596, training loss at epoch 277: 19.1141
using time 556.6493, training loss at epoch 278: 19.0782
using time 553.4360, training loss at epoch 279: 19.0662
testing..
+-------+-------------------+-------------------+------------------+----------------------------------------------------------+----------------------------------------------------------+----------------------------------------------------------+----------------------------------------------------------+----------------------------------------------------------+----------------------------------------------------------+----------------------------------------------------------+----------------------------------------------------------+
| Epoch |   training time   |    tesing time    |       Loss       |                          recall                          |                           ndcg                           |                        precision                         |                        hit_ratio                         |                    category_coverage                     |                    intralist_distance                    |                        gini_index                        |                        F-measure                         |
+-------+-------------------+-------------------+------------------+----------------------------------------------------------+----------------------------------------------------------+----------------------------------------------------------+----------------------------------------------------------+----------------------------------------------------------+----------------------------------------------------------+----------------------------------------------------------+----------------------------------------------------------+
|  280  | 555.0665926933289 | 229.8061077594757 | 18.8608455657959 | [0.0731881  0.11294948 0.16509939 0.22961471 0.33876787] | [0.08710825 0.10838897 0.12915105 0.14793525 0.17007742] | [0.02950234 0.02350441 0.01777493 0.01286566 0.00805428] | [0.13330311 0.20045048 0.2850505  0.38079925 0.51938632] | [0.52474389 0.6213325  0.70474938 0.76825156 0.83387875] | [0.67019875 0.69010592 0.71197834 0.7366389  0.77107964] | [0.18774679 0.32057348 0.4193111  0.49586722 0.5841536 ] | [0.12845945 0.19115049 0.26752625 0.35355811 0.4818013 ] |
+-------+-------------------+-------------------+------------------+----------------------------------------------------------+----------------------------------------------------------+----------------------------------------------------------+----------------------------------------------------------+----------------------------------------------------------+----------------------------------------------------------+----------------------------------------------------------+----------------------------------------------------------+
using time 553.4670, training loss at epoch 281: 18.9303
using time 554.2840, training loss at epoch 282: 18.9089
using time 556.0951, training loss at epoch 283: 18.9968
using time 552.7452, training loss at epoch 284: 19.1049
using time 556.3990, training loss at epoch 285: 18.8933
using time 555.1485, training loss at epoch 286: 18.7234
using time 552.2272, training loss at epoch 287: 18.8049
using time 556.3286, training loss at epoch 288: 18.7575
using time 555.8521, training loss at epoch 289: 18.7050
using time 554.0755, training loss at epoch 290: 18.7117
using time 555.2343, training loss at epoch 291: 18.6374
using time 554.6671, training loss at epoch 292: 18.6088
using time 553.3441, training loss at epoch 293: 18.6067
using time 556.5901, training loss at epoch 294: 18.7018
using time 556.5590, training loss at epoch 295: 18.4230
using time 555.1803, training loss at epoch 296: 18.5713
using time 554.6170, training loss at epoch 297: 18.6036
using time 556.2543, training loss at epoch 298: 18.5098
using time 554.2025, training loss at epoch 299: 18.4863
early stopping at 299, recall@5:0.0732
