reading train and test user-item set ...
combinating train_cf and kg data ...
building the graph ...
Begin to load interaction triples ...

Begin to load knowledge graph triples ...
building the adj mat ...
Begin to build sparse relation matrix ...
building the item_cate list
start training ...
--------------------+------------------+----------------------------------------------------------+----------------------------------------------------------+----------------------------------------------------------+----------------------------------------------------------+----------------------------------------------------------+----------------------------------------------------------+----------------------------------------------------------+----------------------------------------------------------+
| Epoch |   training time   |    tesing time     |       Loss       |                          recall                          |                           ndcg                           |                        precision                         |                        hit_ratio                         |                    category_coverage                     |                    intralist_distance                    |                        gini_index                        |                        F-measure                         |
+-------+-------------------+--------------------+------------------+----------------------------------------------------------+----------------------------------------------------------+----------------------------------------------------------+----------------------------------------------------------+----------------------------------------------------------+----------------------------------------------------------+----------------------------------------------------------+----------------------------------------------------------+
|   0   | 86.36243176460266 | 10.220515966415405 | 93.1737289428711 | [0.02901773 0.05296226 0.09407609 0.15478758 0.27930628] | [0.33852481 0.3784314  0.40812705 0.42297103 0.43450266] | [0.17546358 0.15642384 0.13628311 0.11360513 0.08447185] | [0.4884106  0.6236755  0.75860927 0.85231788 0.94056291] | [0.19495132 0.3781902  0.67868802 0.92500819 0.9956687 ] | [0.91379139 0.93016556 0.94426629 0.94560855 0.93878704] | [0.10352373 0.17558265 0.23666368 0.26764684 0.25576695] | [0.0505163  0.09291287 0.16524658 0.26519788 0.43623839] |
+-------+-------------------+--------------------+------------------+----------------------------------------------------------+----------------------------------------------------------+----------------------------------------------------------+----------------------------------------------------------+----------------------------------------------------------+----------------------------------------------------------+----------------------------------------------------------+----------------------------------------------------------+
using time 84.0327, training loss at epoch 1: 74.6410
using time 84.3424, training loss at epoch 2: 68.2307
using time 83.7550, training loss at epoch 3: 64.6526
using time 84.2049, training loss at epoch 4: 62.6132
using time 83.6837, training loss at epoch 5: 61.0452
using time 83.8560, training loss at epoch 6: 59.2342
using time 83.9711, training loss at epoch 7: 58.1898
using time 83.9020, training loss at epoch 8: 57.3508
using time 83.9262, training loss at epoch 9: 56.1360
using time 83.6452, training loss at epoch 10: 55.4780
using time 84.1260, training loss at epoch 11: 54.9633
using time 84.4311, training loss at epoch 12: 54.2801
using time 83.9862, training loss at epoch 13: 53.5540
using time 83.9614, training loss at epoch 14: 53.1575
using time 83.8829, training loss at epoch 15: 52.9247
using time 83.9803, training loss at epoch 16: 52.1977
using time 83.6223, training loss at epoch 17: 52.1893
using time 83.9269, training loss at epoch 18: 51.3777
using time 84.0469, training loss at epoch 19: 51.1159
testing..
+-------+-------------------+--------------------+--------------------+----------------------------------------------------------+----------------------------------------------------------+----------------------------------------------------------+----------------------------------------------------------+----------------------------------------------------------+----------------------------------------------------------+----------------------------------------------------------+----------------------------------------------------------+
| Epoch |   training time   |    tesing time     |        Loss        |                          recall                          |                           ndcg                           |                        precision                         |                        hit_ratio                         |                    category_coverage                     |                    intralist_distance                    |                        gini_index                        |                        F-measure                         |
+-------+-------------------+--------------------+--------------------+----------------------------------------------------------+----------------------------------------------------------+----------------------------------------------------------+----------------------------------------------------------+----------------------------------------------------------+----------------------------------------------------------+----------------------------------------------------------+----------------------------------------------------------+
|   20  | 84.15785026550293 | 10.668259382247925 | 50.979759216308594 | [0.07899544 0.1309745  0.20187945 0.30268193 0.47776043] | [0.58311823 0.60619704 0.60920613 0.60351687 0.59110749] | [0.33758278 0.29124172 0.23891556 0.19013659 0.13031954] | [0.75115894 0.85811258 0.92317881 0.96440397 0.99089404] | [0.33688191 0.539198   0.76530037 0.92786114 0.9930678 ] | [0.88695364 0.90652686 0.91618247 0.91837961 0.91416894] | [0.11545806 0.19775949 0.27454756 0.3272091  0.36253338] | [0.12798069 0.21075526 0.3194823  0.45645993 0.64514467] |
+-------+-------------------+--------------------+--------------------+----------------------------------------------------------+----------------------------------------------------------+----------------------------------------------------------+----------------------------------------------------------+----------------------------------------------------------+----------------------------------------------------------+----------------------------------------------------------+----------------------------------------------------------+
using time 83.6271, training loss at epoch 21: 50.8090
using time 84.4513, training loss at epoch 22: 50.4074
using time 83.6011, training loss at epoch 23: 50.1070
using time 84.2412, training loss at epoch 24: 49.7574
using time 83.7914, training loss at epoch 25: 49.2843
using time 83.4626, training loss at epoch 26: 49.0130
using time 83.6638, training loss at epoch 27: 48.9332
using time 84.4221, training loss at epoch 28: 48.3927
using time 83.7594, training loss at epoch 29: 48.0720
using time 84.1767, training loss at epoch 30: 47.5619
using time 84.1961, training loss at epoch 31: 48.0750
using time 84.0317, training loss at epoch 32: 47.4495
using time 83.8319, training loss at epoch 33: 47.4407
using time 83.9262, training loss at epoch 34: 46.7181
using time 83.7277, training loss at epoch 35: 46.7630
using time 84.1136, training loss at epoch 36: 46.3367
using time 83.5868, training loss at epoch 37: 46.4287
using time 83.7941, training loss at epoch 38: 46.1836
using time 84.0195, training loss at epoch 39: 45.8986
testing..
+-------+-------------------+-------------------+--------------------+----------------------------------------------------------+----------------------------------------------------------+----------------------------------------------------------+----------------------------------------------------------+----------------------------------------------------------+----------------------------------------------------------+----------------------------------------------------------+----------------------------------------------------------+
| Epoch |   training time   |    tesing time    |        Loss        |                          recall                          |                           ndcg                           |                        precision                         |                        hit_ratio                         |                    category_coverage                     |                    intralist_distance                    |                        gini_index                        |                        F-measure                         |
+-------+-------------------+-------------------+--------------------+----------------------------------------------------------+----------------------------------------------------------+----------------------------------------------------------+----------------------------------------------------------+----------------------------------------------------------+----------------------------------------------------------+----------------------------------------------------------+----------------------------------------------------------+
|   40  | 83.81128025054932 | 10.55978274345398 | 45.717098236083984 | [0.08802712 0.14373248 0.22259357 0.33211604 0.51037273] | [0.61536942 0.63549764 0.63588936 0.62712908 0.61260353] | [0.36178808 0.31087748 0.25706954 0.20335679 0.1377649 ] | [0.78377483 0.88360927 0.94089404 0.97417219 0.99271523] | [0.36100538 0.55793034 0.76727214 0.92081404 0.99059221] | [0.89309603 0.89945548 0.90334437 0.90529992 0.90375263] | [0.11021523 0.2027104  0.28824635 0.35019876 0.3883743 ] | [0.14154104 0.22857905 0.3450768  0.4881631  0.67366164] |
+-------+-------------------+-------------------+--------------------+----------------------------------------------------------+----------------------------------------------------------+----------------------------------------------------------+----------------------------------------------------------+----------------------------------------------------------+----------------------------------------------------------+----------------------------------------------------------+----------------------------------------------------------+
using time 83.2232, training loss at epoch 41: 45.4143
using time 84.1494, training loss at epoch 42: 45.5286
using time 83.9192, training loss at epoch 43: 44.9381
using time 83.7285, training loss at epoch 44: 44.9981
using time 84.0927, training loss at epoch 45: 44.7223
using time 84.3575, training loss at epoch 46: 44.4916
using time 83.7005, training loss at epoch 47: 44.2964
using time 83.9050, training loss at epoch 48: 44.0952
using time 83.7301, training loss at epoch 49: 44.0490
using time 83.4225, training loss at epoch 50: 43.8409
using time 83.5778, training loss at epoch 51: 43.5869
using time 84.3141, training loss at epoch 52: 43.3624
using time 83.7832, training loss at epoch 53: 43.4819
using time 83.6667, training loss at epoch 54: 43.2506
using time 84.0648, training loss at epoch 55: 42.8762
using time 83.6332, training loss at epoch 56: 42.8839
using time 83.7044, training loss at epoch 57: 42.4708
using time 83.7296, training loss at epoch 58: 42.3405
using time 83.7809, training loss at epoch 59: 42.6051
testing..
+-------+-------------------+--------------------+-------------------+----------------------------------------------------------+----------------------------------------------------------+----------------------------------------------------------+----------------------------------------------------------+----------------------------------------------------------+----------------------------------------------------------+----------------------------------------------------------+----------------------------------------------------------+
| Epoch |   training time   |    tesing time     |        Loss       |                          recall                          |                           ndcg                           |                        precision                         |                        hit_ratio                         |                    category_coverage                     |                    intralist_distance                    |                        gini_index                        |                        F-measure                         |
+-------+-------------------+--------------------+-------------------+----------------------------------------------------------+----------------------------------------------------------+----------------------------------------------------------+----------------------------------------------------------+----------------------------------------------------------+----------------------------------------------------------+----------------------------------------------------------+----------------------------------------------------------+
|   60  | 83.96154284477234 | 10.780410766601562 | 41.93251419067383 | [0.0931752  0.15094639 0.23370403 0.34651947 0.52783486] | [0.63343067 0.65056532 0.64939394 0.63972967 0.62397922] | [0.37798013 0.32347682 0.26754139 0.21215232 0.14237086] | [0.80298013 0.89486755 0.9486755  0.97781457 0.99354305] | [0.36909735 0.56100222 0.76460361 0.91551155 0.98857344] | [0.8810596  0.88844003 0.89375654 0.89582951 0.89552766] | [0.11732616 0.21207487 0.29891504 0.36383548 0.40792389] | [0.14878979 0.23788588 0.35798773 0.50274925 0.6882098 ] |
+-------+-------------------+--------------------+-------------------+----------------------------------------------------------+----------------------------------------------------------+----------------------------------------------------------+----------------------------------------------------------+----------------------------------------------------------+----------------------------------------------------------+----------------------------------------------------------+----------------------------------------------------------+
using time 83.6124, training loss at epoch 61: 42.0682
using time 83.9366, training loss at epoch 62: 42.1143
using time 83.9958, training loss at epoch 63: 41.6809
using time 83.8132, training loss at epoch 64: 41.5993
using time 83.9349, training loss at epoch 65: 41.4009
using time 83.4154, training loss at epoch 66: 41.4778
using time 83.7882, training loss at epoch 67: 41.2551
using time 83.7140, training loss at epoch 68: 41.0691
using time 84.0103, training loss at epoch 69: 41.2179
using time 83.5906, training loss at epoch 70: 40.7601
using time 83.5266, training loss at epoch 71: 40.9242
using time 84.0136, training loss at epoch 72: 40.6710
using time 84.1866, training loss at epoch 73: 40.9445
using time 83.8139, training loss at epoch 74: 40.3301
using time 83.3990, training loss at epoch 75: 40.2295
using time 84.2952, training loss at epoch 76: 39.9548
using time 83.7691, training loss at epoch 77: 39.9882
using time 83.6712, training loss at epoch 78: 40.0193
using time 83.0570, training loss at epoch 79: 39.7878
testing..
+-------+-------------------+--------------------+------------------+----------------------------------------------------------+----------------------------------------------------------+----------------------------------------------------------+----------------------------------------------------------+----------------------------------------------------------+----------------------------------------------------------+----------------------------------------------------------+----------------------------------------------------------+
| Epoch |   training time   |    tesing time     |       Loss       |                          recall                          |                           ndcg                           |                        precision                         |                        hit_ratio                         |                    category_coverage                     |                    intralist_distance                    |                        gini_index                        |                        F-measure                         |
+-------+-------------------+--------------------+------------------+----------------------------------------------------------+----------------------------------------------------------+----------------------------------------------------------+----------------------------------------------------------+----------------------------------------------------------+----------------------------------------------------------+----------------------------------------------------------+----------------------------------------------------------+
|   80  | 83.72069716453552 | 10.387011289596558 | 39.8724365234375 | [0.09577354 0.15527669 0.24050265 0.35521765 0.53846628] | [0.63626858 0.65442635 0.65345339 0.64418026 0.62862282] | [0.38056291 0.32889073 0.27235927 0.21608444 0.14514073] | [0.80811258 0.89983444 0.9531457  0.97996689 0.99453642] | [0.37400395 0.56289062 0.76346711 0.91233848 0.98888497] | [0.88233444 0.88471302 0.88792959 0.89008045 0.89081858] | [0.11710541 0.21483223 0.30568335 0.37369592 0.42015622] | [0.15249638 0.24340788 0.36577967 0.51134419 0.69726098] |
+-------+-------------------+--------------------+------------------+----------------------------------------------------------+----------------------------------------------------------+----------------------------------------------------------+----------------------------------------------------------+----------------------------------------------------------+----------------------------------------------------------+----------------------------------------------------------+----------------------------------------------------------+
using time 83.6658, training loss at epoch 81: 39.8573
using time 83.7319, training loss at epoch 82: 39.5953
using time 83.9534, training loss at epoch 83: 39.5543
using time 83.5529, training loss at epoch 84: 39.5766
using time 83.7848, training loss at epoch 85: 39.0017
using time 83.6688, training loss at epoch 86: 39.0445
using time 83.7286, training loss at epoch 87: 38.9766
using time 84.3773, training loss at epoch 88: 38.9218
using time 84.1095, training loss at epoch 89: 39.1371
using time 83.9535, training loss at epoch 90: 38.7179
using time 83.8424, training loss at epoch 91: 38.6070
using time 84.8188, training loss at epoch 92: 38.6443
using time 83.3832, training loss at epoch 93: 38.7296
using time 83.8537, training loss at epoch 94: 38.3526
using time 83.5375, training loss at epoch 95: 38.1876
using time 83.3542, training loss at epoch 96: 38.0602
using time 84.0298, training loss at epoch 97: 37.9670
using time 84.5131, training loss at epoch 98: 38.1119
using time 83.9314, training loss at epoch 99: 37.8118
testing..
+-------+-------------------+--------------------+-------------------+----------------------------------------------------------+----------------------------------------------------------+----------------------------------------------------------+----------------------------------------------------------+----------------------------------------------------------+----------------------------------------------------------+----------------------------------------------------------+----------------------------------------------------------+
| Epoch |   training time   |    tesing time     |        Loss       |                          recall                          |                           ndcg                           |                        precision                         |                        hit_ratio                         |                    category_coverage                     |                    intralist_distance                    |                        gini_index                        |                        F-measure                         |
+-------+-------------------+--------------------+-------------------+----------------------------------------------------------+----------------------------------------------------------+----------------------------------------------------------+----------------------------------------------------------+----------------------------------------------------------+----------------------------------------------------------+----------------------------------------------------------+----------------------------------------------------------+
|  100  | 83.77096772193909 | 10.475501298904419 | 37.74464797973633 | [0.0969562  0.15733748 0.24465024 0.36044715 0.54425626] | [0.64189535 0.65928056 0.65782533 0.64811889 0.63249832] | [0.38496689 0.33157285 0.27602649 0.21859685 0.14666225] | [0.81291391 0.90165563 0.95480132 0.98195364 0.99519868] | [0.37702304 0.56655844 0.76292053 0.91087213 0.98767707] | [0.87594371 0.88149007 0.88453555 0.88655884 0.8877741 ] | [0.11964956 0.21688173 0.30904276 0.37824497 0.42586548] | [0.15424609 0.24628092 0.37049247 0.51650482 0.70179219] |
+-------+-------------------+--------------------+-------------------+----------------------------------------------------------+----------------------------------------------------------+----------------------------------------------------------+----------------------------------------------------------+----------------------------------------------------------+----------------------------------------------------------+----------------------------------------------------------+----------------------------------------------------------+
using time 83.5133, training loss at epoch 101: 37.8634
using time 83.9344, training loss at epoch 102: 37.7043
using time 83.5290, training loss at epoch 103: 37.2497
using time 84.0531, training loss at epoch 104: 37.2825
using time 83.7809, training loss at epoch 105: 37.3215
using time 84.3056, training loss at epoch 106: 37.2775
using time 83.9822, training loss at epoch 107: 37.0403
using time 84.0142, training loss at epoch 108: 36.9171
using time 84.2075, training loss at epoch 109: 37.1762
using time 84.0492, training loss at epoch 110: 37.1501
using time 84.0595, training loss at epoch 111: 36.9538
using time 84.0220, training loss at epoch 112: 36.8752
using time 84.4422, training loss at epoch 113: 36.4591
using time 84.0768, training loss at epoch 114: 36.4669
using time 84.1998, training loss at epoch 115: 36.3620
using time 83.7734, training loss at epoch 116: 36.5024
using time 83.4531, training loss at epoch 117: 36.6310
using time 84.4469, training loss at epoch 118: 36.4016
using time 84.0183, training loss at epoch 119: 36.0490
testing..
+-------+-------------------+--------------------+-------------------+----------------------------------------------------------+----------------------------------------------------------+----------------------------------------------------------+----------------------------------------------------------+----------------------------------------------------------+----------------------------------------------------------+----------------------------------------------------------+----------------------------------------------------------+
| Epoch |   training time   |    tesing time     |        Loss       |                          recall                          |                           ndcg                           |                        precision                         |                        hit_ratio                         |                    category_coverage                     |                    intralist_distance                    |                        gini_index                        |                        F-measure                         |
+-------+-------------------+--------------------+-------------------+----------------------------------------------------------+----------------------------------------------------------+----------------------------------------------------------+----------------------------------------------------------+----------------------------------------------------------+----------------------------------------------------------+----------------------------------------------------------+----------------------------------------------------------+
|  120  | 83.77426314353943 | 10.513710498809814 | 36.18179702758789 | [0.09865555 0.16026647 0.24942841 0.36637316 0.54972397] | [0.64573901 0.66170806 0.66053251 0.65081201 0.63570953] | [0.38993377 0.3375     0.28100166 0.22199917 0.14825166] | [0.82003311 0.90562914 0.95745033 0.98228477 0.9955298 ] | [0.38043877 0.56647599 0.76007209 0.90617894 0.98692512] | [0.87130795 0.87459161 0.8775     0.87976015 0.88305341] | [0.12149558 0.22206174 0.31666397 0.38815605 0.43612596] | [0.15668061 0.24984671 0.37559877 0.52178554 0.7061292 ] |
+-------+-------------------+--------------------+-------------------+----------------------------------------------------------+----------------------------------------------------------+----------------------------------------------------------+----------------------------------------------------------+----------------------------------------------------------+----------------------------------------------------------+----------------------------------------------------------+----------------------------------------------------------+
using time 82.6922, training loss at epoch 121: 36.1257
using time 83.6110, training loss at epoch 122: 35.9231
using time 83.7465, training loss at epoch 123: 35.9116
using time 83.5844, training loss at epoch 124: 35.6177
using time 83.9814, training loss at epoch 125: 35.9237
using time 83.8816, training loss at epoch 126: 35.5247
using time 83.2068, training loss at epoch 127: 35.8788
using time 83.9438, training loss at epoch 128: 35.4366
using time 83.6775, training loss at epoch 129: 35.3454
using time 83.5889, training loss at epoch 130: 35.4568
using time 83.9855, training loss at epoch 131: 35.3397
using time 83.5644, training loss at epoch 132: 35.1472
using time 84.0749, training loss at epoch 133: 35.4317
using time 83.7844, training loss at epoch 134: 35.0229
using time 83.9833, training loss at epoch 135: 35.0964
using time 83.4822, training loss at epoch 136: 35.2000
using time 83.7955, training loss at epoch 137: 34.9904
using time 83.9930, training loss at epoch 138: 34.8898
using time 84.0144, training loss at epoch 139: 34.7953
testing..
+-------+-------------------+--------------------+-------------------+----------------------------------------------------------+----------------------------------------------------------+----------------------------------------------------------+----------------------------------------------------------+----------------------------------------------------------+----------------------------------------------------------+----------------------------------------------------------+----------------------------------------------------------+
| Epoch |   training time   |    tesing time     |        Loss       |                          recall                          |                           ndcg                           |                        precision                         |                        hit_ratio                         |                    category_coverage                     |                    intralist_distance                    |                        gini_index                        |                        F-measure                         |
+-------+-------------------+--------------------+-------------------+----------------------------------------------------------+----------------------------------------------------------+----------------------------------------------------------+----------------------------------------------------------+----------------------------------------------------------+----------------------------------------------------------+----------------------------------------------------------+----------------------------------------------------------+
|  140  | 83.92855262756348 | 10.074423789978027 | 34.68219757080078 | [0.0989761  0.1606189  0.25042553 0.36916562 0.55355409] | [0.6453705  0.66132874 0.66057843 0.65097277 0.63593499] | [0.38781457 0.33592715 0.28074503 0.22255795 0.14929305] | [0.82135762 0.90596026 0.95778146 0.98211921 0.99519868] | [0.37906589 0.56565439 0.75768072 0.90498342 0.98606886] | [0.86879139 0.87292127 0.87512809 0.87740809 0.88043715] | [0.12267108 0.22419343 0.31915176 0.3923378  0.44215033] | [0.15696723 0.25019448 0.37643373 0.52441081 0.7090599 ] |
+-------+-------------------+--------------------+-------------------+----------------------------------------------------------+----------------------------------------------------------+----------------------------------------------------------+----------------------------------------------------------+----------------------------------------------------------+----------------------------------------------------------+----------------------------------------------------------+----------------------------------------------------------+
using time 82.9845, training loss at epoch 141: 34.1538
using time 83.7392, training loss at epoch 142: 34.4151
using time 83.7950, training loss at epoch 143: 34.3842
using time 84.2291, training loss at epoch 144: 34.6646
using time 83.7529, training loss at epoch 145: 34.2186
using time 84.0298, training loss at epoch 146: 34.3042
using time 84.0200, training loss at epoch 147: 33.9154
using time 83.7783, training loss at epoch 148: 34.3722
using time 83.8342, training loss at epoch 149: 34.0768
using time 84.0976, training loss at epoch 150: 34.1930
using time 83.6684, training loss at epoch 151: 34.1104
using time 83.3899, training loss at epoch 152: 34.0070
using time 84.2849, training loss at epoch 153: 33.9585
using time 83.5311, training loss at epoch 154: 33.7503
using time 83.9876, training loss at epoch 155: 33.8794
using time 84.4549, training loss at epoch 156: 33.8103
using time 84.1020, training loss at epoch 157: 33.7339
using time 84.3098, training loss at epoch 158: 33.7477
using time 84.2122, training loss at epoch 159: 33.3979
testing..
+-------+-------------------+--------------------+-------------------+----------------------------------------------------------+----------------------------------------------------------+----------------------------------------------------------+----------------------------------------------------------+----------------------------------------------------------+----------------------------------------------------------+----------------------------------------------------------+----------------------------------------------------------+
| Epoch |   training time   |    tesing time     |        Loss       |                          recall                          |                           ndcg                           |                        precision                         |                        hit_ratio                         |                    category_coverage                     |                    intralist_distance                    |                        gini_index                        |                        F-measure                         |
+-------+-------------------+--------------------+-------------------+----------------------------------------------------------+----------------------------------------------------------+----------------------------------------------------------+----------------------------------------------------------+----------------------------------------------------------+----------------------------------------------------------+----------------------------------------------------------+----------------------------------------------------------+
|  160  | 84.21449995040894 | 10.707722187042236 | 33.44715881347656 | [0.09909068 0.16302996 0.25157682 0.37017738 0.55605867] | [0.6468054  0.6638219  0.66303588 0.65290155 0.6377785 ] | [0.38890728 0.33875828 0.28212748 0.22360927 0.1497649 ] | [0.81870861 0.90976821 0.95960265 0.98261589 0.99569536] | [0.38051186 0.56509823 0.7561153  0.90268993 0.98474936] | [0.86516556 0.86956218 0.87179679 0.87484314 0.8782856 ] | [0.12426049 0.2255409  0.32174892 0.39504406 0.44616493] | [0.15723511 0.25305419 0.37753809 0.52504356 0.71076787] |
+-------+-------------------+--------------------+-------------------+----------------------------------------------------------+----------------------------------------------------------+----------------------------------------------------------+----------------------------------------------------------+----------------------------------------------------------+----------------------------------------------------------+----------------------------------------------------------+----------------------------------------------------------+
using time 83.5679, training loss at epoch 161: 33.3482
using time 84.0435, training loss at epoch 162: 33.3025
using time 83.9090, training loss at epoch 163: 33.4173
using time 83.6733, training loss at epoch 164: 33.1900
using time 84.2851, training loss at epoch 165: 33.3764
using time 83.8901, training loss at epoch 166: 33.1949
using time 83.4831, training loss at epoch 167: 33.3312
using time 83.7262, training loss at epoch 168: 33.1183
using time 83.9754, training loss at epoch 169: 33.0007
using time 84.0277, training loss at epoch 170: 33.0280
using time 83.9793, training loss at epoch 171: 33.1994
using time 83.9797, training loss at epoch 172: 32.7754
using time 83.6846, training loss at epoch 173: 32.6166
using time 83.5705, training loss at epoch 174: 32.6772
using time 83.3686, training loss at epoch 175: 32.7051
using time 84.1950, training loss at epoch 176: 32.5845
using time 83.6252, training loss at epoch 177: 32.4203
using time 83.6796, training loss at epoch 178: 32.7959
using time 84.0196, training loss at epoch 179: 32.5017
testing..
+-------+-------------------+--------------------+-------------------+----------------------------------------------------------+----------------------------------------------------------+----------------------------------------------------------+----------------------------------------------------------+----------------------------------------------------------+----------------------------------------------------------+----------------------------------------------------------+----------------------------------------------------------+
| Epoch |   training time   |    tesing time     |        Loss       |                          recall                          |                           ndcg                           |                        precision                         |                        hit_ratio                         |                    category_coverage                     |                    intralist_distance                    |                        gini_index                        |                        F-measure                         |
+-------+-------------------+--------------------+-------------------+----------------------------------------------------------+----------------------------------------------------------+----------------------------------------------------------+----------------------------------------------------------+----------------------------------------------------------+----------------------------------------------------------+----------------------------------------------------------+----------------------------------------------------------+
|  180  | 84.31808924674988 | 10.157795906066895 | 32.08698272705078 | [0.09937023 0.16337305 0.2533958  0.37207797 0.55846953] | [0.64787125 0.66446624 0.66313181 0.65311879 0.63825701] | [0.39033113 0.34041391 0.28371689 0.2246399  0.15026159] | [0.8218543  0.9102649  0.9602649  0.98211921 0.99619205] | [0.3816524  0.5671648  0.75475946 0.90103032 0.98409827] | [0.86576159 0.86839588 0.87074765 0.8730453  0.87731694] | [0.12332506 0.22770413 0.32321171 0.39774133 0.44827883] | [0.15768441 0.25367459 0.37941155 0.52666931 0.71256368] |
+-------+-------------------+--------------------+-------------------+----------------------------------------------------------+----------------------------------------------------------+----------------------------------------------------------+----------------------------------------------------------+----------------------------------------------------------+----------------------------------------------------------+----------------------------------------------------------+----------------------------------------------------------+
using time 82.8929, training loss at epoch 181: 32.2664
using time 84.1377, training loss at epoch 182: 32.1555
using time 83.8868, training loss at epoch 183: 32.0128
using time 83.9058, training loss at epoch 184: 32.0251
using time 83.9540, training loss at epoch 185: 32.1531
using time 84.2991, training loss at epoch 186: 32.1163
using time 84.3904, training loss at epoch 187: 31.9524
using time 83.4994, training loss at epoch 188: 32.2399
using time 83.8998, training loss at epoch 189: 31.9419
using time 84.1411, training loss at epoch 190: 31.8859
using time 83.9726, training loss at epoch 191: 31.9568
using time 84.0675, training loss at epoch 192: 31.8775
using time 83.6750, training loss at epoch 193: 31.9326
using time 84.3542, training loss at epoch 194: 31.8243
using time 84.5492, training loss at epoch 195: 31.6147
using time 83.8009, training loss at epoch 196: 31.7002
using time 84.3683, training loss at epoch 197: 31.6003
using time 84.4889, training loss at epoch 198: 31.2450
using time 83.6292, training loss at epoch 199: 31.5949
testing..
+-------+------------------+--------------------+--------------------+----------------------------------------------------------+----------------------------------------------------------+----------------------------------------------------------+----------------------------------------------------------+----------------------------------------------------------+----------------------------------------------------------+----------------------------------------------------------+----------------------------------------------------------+
| Epoch |  training time   |    tesing time     |        Loss        |                          recall                          |                           ndcg                           |                        precision                         |                        hit_ratio                         |                    category_coverage                     |                    intralist_distance                    |                        gini_index                        |                        F-measure                         |
+-------+------------------+--------------------+--------------------+----------------------------------------------------------+----------------------------------------------------------+----------------------------------------------------------+----------------------------------------------------------+----------------------------------------------------------+----------------------------------------------------------+----------------------------------------------------------+----------------------------------------------------------+
|  200  | 83.4854793548584 | 10.732464790344238 | 31.365135192871094 | [0.09968505 0.16367775 0.25369994 0.37317994 0.55973144] | [0.64977042 0.6644471  0.66300415 0.6538411  0.63860836] | [0.39215232 0.34086093 0.28452815 0.22528974 0.15082285] | [0.82516556 0.90910596 0.95960265 0.98261589 0.99602649] | [0.38032805 0.56387555 0.75439431 0.89823162 0.98336181] | [0.86061258 0.86499264 0.8677649  0.8705765  0.87538514] | [0.12550497 0.22885942 0.326192   0.40040684 0.45230569] | [0.15796661 0.25371029 0.37970615 0.52729113 0.71339632] |
+-------+------------------+--------------------+--------------------+----------------------------------------------------------+----------------------------------------------------------+----------------------------------------------------------+----------------------------------------------------------+----------------------------------------------------------+----------------------------------------------------------+----------------------------------------------------------+----------------------------------------------------------+
using time 83.4315, training loss at epoch 201: 31.3387
using time 83.9429, training loss at epoch 202: 31.6571
using time 84.3620, training loss at epoch 203: 31.0701
using time 84.1520, training loss at epoch 204: 31.3717
using time 83.8560, training loss at epoch 205: 31.1542
using time 83.7800, training loss at epoch 206: 31.0818
using time 83.7262, training loss at epoch 207: 30.8730
using time 84.3667, training loss at epoch 208: 31.0668
using time 83.6802, training loss at epoch 209: 30.8160
using time 84.0970, training loss at epoch 210: 31.0726
using time 84.0390, training loss at epoch 211: 30.9519
using time 83.4399, training loss at epoch 212: 31.0744
using time 83.9330, training loss at epoch 213: 30.7569
using time 84.0455, training loss at epoch 214: 30.6731
using time 84.0584, training loss at epoch 215: 30.5877
using time 83.4194, training loss at epoch 216: 30.4747
using time 83.8535, training loss at epoch 217: 30.5599
using time 84.0648, training loss at epoch 218: 30.4453
using time 84.4046, training loss at epoch 219: 30.3772
testing..
+-------+------------------+--------------------+-------------------+----------------------------------------------------------+----------------------------------------------------------+----------------------------------------------------------+----------------------------------------------------------+----------------------------------------------------------+----------------------------------------------------------+----------------------------------------------------------+----------------------------------------------------------+
| Epoch |  training time   |    tesing time     |        Loss       |                          recall                          |                           ndcg                           |                        precision                         |                        hit_ratio                         |                    category_coverage                     |                    intralist_distance                    |                        gini_index                        |                        F-measure                         |
+-------+------------------+--------------------+-------------------+----------------------------------------------------------+----------------------------------------------------------+----------------------------------------------------------+----------------------------------------------------------+----------------------------------------------------------+----------------------------------------------------------+----------------------------------------------------------+----------------------------------------------------------+
|  220  | 83.8287353515625 | 10.399177551269531 | 30.34724235534668 | [0.09978725 0.16445171 0.2551078  0.37418307 0.56128606] | [0.65190287 0.66756175 0.66481958 0.65578446 0.64046621] | [0.39274834 0.34216887 0.2853394  0.22575331 0.15124834] | [0.82516556 0.91291391 0.95910596 0.98261589 0.99635762] | [0.38421879 0.56545271 0.75307072 0.89929064 0.98286095] | [0.86044702 0.86226637 0.86576507 0.86915436 0.87418767] | [0.12515177 0.23044977 0.32771762 0.40330176 0.45560295] | [0.15842834 0.25479957 0.3811115  0.52847472 0.71452543] |
+-------+------------------+--------------------+-------------------+----------------------------------------------------------+----------------------------------------------------------+----------------------------------------------------------+----------------------------------------------------------+----------------------------------------------------------+----------------------------------------------------------+----------------------------------------------------------+----------------------------------------------------------+
using time 83.6371, training loss at epoch 221: 30.7006
using time 84.1457, training loss at epoch 222: 30.4860
using time 83.6712, training loss at epoch 223: 30.3036
using time 84.0286, training loss at epoch 224: 30.1843
using time 83.6875, training loss at epoch 225: 30.3718
using time 84.1536, training loss at epoch 226: 30.3796
using time 83.7101, training loss at epoch 227: 30.0608
using time 83.7185, training loss at epoch 228: 30.2219
using time 84.3079, training loss at epoch 229: 30.0869
using time 83.6953, training loss at epoch 230: 30.1280
using time 83.4503, training loss at epoch 231: 29.7624
using time 83.7840, training loss at epoch 232: 30.0416
using time 84.1724, training loss at epoch 233: 30.0706
using time 84.1366, training loss at epoch 234: 29.8053
using time 83.6844, training loss at epoch 235: 29.7924
using time 83.6066, training loss at epoch 236: 29.9193
using time 84.3693, training loss at epoch 237: 29.3353
using time 83.5103, training loss at epoch 238: 29.6944
using time 84.0844, training loss at epoch 239: 29.7033
testing..
+-------+-------------------+--------------------+--------------------+----------------------------------------------------------+----------------------------------------------------------+----------------------------------------------------------+----------------------------------------------------------+----------------------------------------------------------+----------------------------------------------------------+----------------------------------------------------------+----------------------------------------------------------+
| Epoch |   training time   |    tesing time     |        Loss        |                          recall                          |                           ndcg                           |                        precision                         |                        hit_ratio                         |                    category_coverage                     |                    intralist_distance                    |                        gini_index                        |                        F-measure                         |
+-------+-------------------+--------------------+--------------------+----------------------------------------------------------+----------------------------------------------------------+----------------------------------------------------------+----------------------------------------------------------+----------------------------------------------------------+----------------------------------------------------------+----------------------------------------------------------+----------------------------------------------------------+
|  240  | 83.99886584281921 | 10.732733964920044 | 29.647613525390625 | [0.09985763 0.16406946 0.25508204 0.37450634 0.56338708] | [0.65177324 0.6671816  0.66524083 0.65535878 0.64013554] | [0.39231788 0.34258278 0.28581126 0.22634934 0.15175166] | [0.82516556 0.91142384 0.96009934 0.98211921 0.99619205] | [0.38359831 0.56506014 0.75041119 0.89679892 0.98170025] | [0.85700331 0.85986755 0.86282415 0.86599083 0.87182123] | [0.12709437 0.23229041 0.33102191 0.40673589 0.45962553] | [0.15846415 0.25430077 0.38074133 0.52836544 0.71591712] |
+-------+-------------------+--------------------+--------------------+----------------------------------------------------------+----------------------------------------------------------+----------------------------------------------------------+----------------------------------------------------------+----------------------------------------------------------+----------------------------------------------------------+----------------------------------------------------------+----------------------------------------------------------+
using time 83.3869, training loss at epoch 241: 29.6086
using time 84.1519, training loss at epoch 242: 29.6078
using time 84.3216, training loss at epoch 243: 29.4223
using time 83.6002, training loss at epoch 244: 29.5283
using time 84.6788, training loss at epoch 245: 29.3794
using time 83.7766, training loss at epoch 246: 29.1264
using time 83.6659, training loss at epoch 247: 29.2598
using time 83.7531, training loss at epoch 248: 29.2420
using time 84.0454, training loss at epoch 249: 29.2299
using time 84.5738, training loss at epoch 250: 29.0783
using time 83.5949, training loss at epoch 251: 28.9400
using time 83.7280, training loss at epoch 252: 28.9310
using time 84.1286, training loss at epoch 253: 29.0589
using time 84.5261, training loss at epoch 254: 29.0313
using time 83.7737, training loss at epoch 255: 28.9111
using time 84.0856, training loss at epoch 256: 29.1266
using time 84.0204, training loss at epoch 257: 28.9892
using time 84.0125, training loss at epoch 258: 29.1610
using time 83.8582, training loss at epoch 259: 28.8780
testing..
+-------+------------------+--------------------+-------------------+----------------------------------------------------------+----------------------------------------------------------+----------------------------------------------------------+----------------------------------------------------------+----------------------------------------------------------+----------------------------------------------------------+----------------------------------------------------------+----------------------------------------------------------+
| Epoch |  training time   |    tesing time     |        Loss       |                          recall                          |                           ndcg                           |                        precision                         |                        hit_ratio                         |                    category_coverage                     |                    intralist_distance                    |                        gini_index                        |                        F-measure                         |
+-------+------------------+--------------------+-------------------+----------------------------------------------------------+----------------------------------------------------------+----------------------------------------------------------+----------------------------------------------------------+----------------------------------------------------------+----------------------------------------------------------+----------------------------------------------------------+----------------------------------------------------------+
|  260  | 83.6452419757843 | 10.508052825927734 | 29.04911231994629 | [0.10103977 0.1657649  0.25698032 0.37545742 0.56401513] | [0.65494348 0.67018467 0.66721739 0.65706073 0.64159375] | [0.39701987 0.34498344 0.28745861 0.22704884 0.15192715] | [0.82880795 0.91490066 0.96076159 0.98211921 0.99635762] | [0.38412767 0.56653871 0.75098939 0.89509077 0.98069197] | [0.8535596  0.85679176 0.86056379 0.86497432 0.8708039 ] | [0.12938466 0.23410708 0.33279777 0.40741369 0.4614719 ] | [0.15999496 0.25648441 0.38292717 0.52901335 0.71615533] |
+-------+------------------+--------------------+-------------------+----------------------------------------------------------+----------------------------------------------------------+----------------------------------------------------------+----------------------------------------------------------+----------------------------------------------------------+----------------------------------------------------------+----------------------------------------------------------+----------------------------------------------------------+
using time 83.4435, training loss at epoch 261: 28.9818
using time 83.9909, training loss at epoch 262: 28.8563
using time 83.7618, training loss at epoch 263: 28.7423
using time 84.5760, training loss at epoch 264: 28.7455
using time 83.6701, training loss at epoch 265: 28.8636
using time 83.4635, training loss at epoch 266: 28.9521
using time 84.0878, training loss at epoch 267: 28.7475
using time 84.0096, training loss at epoch 268: 28.5345
using time 84.0384, training loss at epoch 269: 28.5089
using time 83.7969, training loss at epoch 270: 28.7212
using time 83.7534, training loss at epoch 271: 28.3995
using time 84.2126, training loss at epoch 272: 28.5366
using time 83.5849, training loss at epoch 273: 28.4489
using time 83.9508, training loss at epoch 274: 28.6418
using time 83.9856, training loss at epoch 275: 28.5535
using time 83.6795, training loss at epoch 276: 28.2515
using time 83.5408, training loss at epoch 277: 28.1711
using time 83.7093, training loss at epoch 278: 28.1822
using time 83.6322, training loss at epoch 279: 28.0565
testing..
+-------+-------------------+--------------------+--------------------+----------------------------------------------------------+----------------------------------------------------------+----------------------------------------------------------+----------------------------------------------------------+----------------------------------------------------------+----------------------------------------------------------+----------------------------------------------------------+----------------------------------------------------------+
| Epoch |   training time   |    tesing time     |        Loss        |                          recall                          |                           ndcg                           |                        precision                         |                        hit_ratio                         |                    category_coverage                     |                    intralist_distance                    |                        gini_index                        |                        F-measure                         |
+-------+-------------------+--------------------+--------------------+----------------------------------------------------------+----------------------------------------------------------+----------------------------------------------------------+----------------------------------------------------------+----------------------------------------------------------+----------------------------------------------------------+----------------------------------------------------------+----------------------------------------------------------+
|  280  | 84.15996026992798 | 10.568028926849365 | 27.990280151367188 | [0.10000194 0.16541478 0.25575256 0.37531706 0.563756  ] | [0.65406352 0.66872396 0.6656727  0.65614241 0.64074094] | [0.39311258 0.34364238 0.28593543 0.22605546 0.15173841] | [0.82582781 0.91192053 0.9589404  0.98162252 0.99586093] | [0.38271051 0.56237925 0.74649488 0.89175675 0.97969476] | [0.84745033 0.85147903 0.85678895 0.86147691 0.86827443] | [0.13164735 0.23872837 0.33546599 0.41186203 0.46678479] | [0.15856974 0.25563783 0.38097972 0.52829049 0.71568049] |
+-------+-------------------+--------------------+--------------------+----------------------------------------------------------+----------------------------------------------------------+----------------------------------------------------------+----------------------------------------------------------+----------------------------------------------------------+----------------------------------------------------------+----------------------------------------------------------+----------------------------------------------------------+
using time 83.2585, training loss at epoch 281: 28.2764
using time 84.1832, training loss at epoch 282: 28.1412
using time 83.2509, training loss at epoch 283: 28.2332
using time 83.6159, training loss at epoch 284: 27.9026
using time 83.5395, training loss at epoch 285: 28.1295
using time 83.6725, training loss at epoch 286: 27.9609
using time 83.5626, training loss at epoch 287: 28.1394
using time 83.7035, training loss at epoch 288: 27.4159
using time 83.8880, training loss at epoch 289: 27.8147
using time 83.7077, training loss at epoch 290: 27.9332
using time 83.9000, training loss at epoch 291: 27.5295
using time 84.1136, training loss at epoch 292: 27.5154
using time 83.6905, training loss at epoch 293: 27.6487
using time 84.0564, training loss at epoch 294: 27.5887
using time 83.4950, training loss at epoch 295: 27.4489
using time 83.6000, training loss at epoch 296: 27.6891
using time 83.8095, training loss at epoch 297: 27.5809
using time 84.2041, training loss at epoch 298: 27.4490
using time 84.0628, training loss at epoch 299: 27.3292
early stopping at 299, recall@5:0.1010
